2026-02-11 17:12:12,068 - INFO - 
============================================================
2026-02-11 17:12:12,068 - INFO - Starting Firestore Sync (Duplicate-Aware)
2026-02-11 17:12:12,068 - INFO - ============================================================
2026-02-11 17:12:12,068 - INFO - Fetching existing match IDs from Firestore...
2026-02-11 17:12:15,471 - INFO - Found 2895 existing matches in Firestore
2026-02-11 17:12:15,471 - INFO - Fetching existing team IDs from Firestore...
2026-02-11 17:12:15,832 - INFO - Found 180 existing teams in Firestore
2026-02-11 17:12:56,927 - INFO - 
============================================================
2026-02-11 17:12:56,928 - INFO - Sync Complete!
2026-02-11 17:12:56,928 - INFO -    Total synced: 5
2026-02-11 17:12:56,929 - INFO -    Total updated: 220
2026-02-11 17:12:56,929 - INFO -    Duration: 44.9s
2026-02-11 17:12:56,929 - INFO - ============================================================
2026-02-11 17:29:23,937 - INFO - 
============================================================
2026-02-11 17:29:23,937 - INFO - Starting Firestore Sync (Duplicate-Aware)
2026-02-11 17:29:23,937 - INFO - ============================================================
2026-02-11 17:29:23,937 - INFO - Fetching existing match IDs from Firestore...
2026-02-11 17:29:27,913 - INFO - Found 2895 existing matches in Firestore
2026-02-11 17:29:27,915 - INFO - Fetching existing team IDs from Firestore...
2026-02-11 17:29:28,266 - INFO - Found 180 existing teams in Firestore
2026-02-11 17:30:07,161 - INFO - 
============================================================
2026-02-11 17:30:07,161 - INFO - Sync Complete!
2026-02-11 17:30:07,161 - INFO -    Total synced: 5
2026-02-11 17:30:07,162 - INFO -    Total updated: 24
2026-02-11 17:30:07,162 - INFO -    Duration: 43.2s
2026-02-11 17:30:07,162 - INFO - ============================================================
2026-02-22 19:57:07,382 - INFO - 
============================================================
2026-02-22 19:57:07,382 - INFO - Starting Firestore Sync (Duplicate-Aware)
2026-02-22 19:57:07,382 - INFO - ============================================================
2026-02-22 19:57:07,382 - INFO - Fetching existing match IDs from Firestore...
2026-02-22 19:57:09,634 - INFO - Found 2906 existing matches in Firestore
2026-02-22 19:57:09,635 - INFO - Fetching existing team IDs from Firestore...
2026-02-22 19:57:09,875 - INFO - Found 180 existing teams in Firestore
2026-02-22 19:57:52,368 - INFO - 
============================================================
2026-02-22 19:57:52,369 - INFO - Sync Complete!
2026-02-22 19:57:52,369 - INFO -    Total synced: 5
2026-02-22 19:57:52,369 - INFO -    Total updated: 144
2026-02-22 19:57:52,370 - INFO -    Duration: 45.0s
2026-02-22 19:57:52,370 - INFO - ============================================================
2026-03-01 18:38:23,804 - INFO - [OK] Connected to SQLite database: data.sqlite
2026-03-01 18:38:26,843 - INFO - [OK] Connected to Firestore project: rugby-ai-61fd0
2026-03-01 18:38:26,843 - INFO - 
============================================================
2026-03-01 18:38:26,843 - INFO - Starting Firestore Sync (Duplicate-Aware)
2026-03-01 18:38:26,843 - INFO - ============================================================
2026-03-01 18:38:26,843 - INFO - Fetching existing match IDs from Firestore...
2026-03-01 18:38:29,435 - INFO - Found 2906 existing matches in Firestore
2026-03-01 18:38:29,435 - INFO - Fetching existing team IDs from Firestore...
2026-03-01 18:38:29,655 - INFO - Found 180 existing teams in Firestore
2026-03-01 18:38:29,656 - INFO - 
Syncing leagues...
2026-03-01 18:38:30,635 - INFO - [OK] Leagues: 5 synced
2026-03-01 18:38:30,635 - INFO - 
Syncing teams...
2026-03-01 18:38:30,636 - INFO - [OK] Teams: 0 synced, 149 already exist
2026-03-01 18:38:30,636 - INFO - 
Syncing matches...
2026-03-01 18:38:46,019 - INFO -   Synced 208 new, updated 292 matches...
2026-03-01 18:38:50,423 - INFO -   Synced 470 new, updated 530 matches...
2026-03-01 18:39:26,529 - INFO - [OK] Matches: 709 new, 707 updated, 2199 skipped
2026-03-01 18:39:26,530 - INFO - 
============================================================
2026-03-01 18:39:26,530 - INFO - Sync Complete!
2026-03-01 18:39:26,530 - INFO -    Total synced: 714
2026-03-01 18:39:26,530 - INFO -    Total updated: 707
2026-03-01 18:39:26,530 - INFO -    Duration: 59.7s
2026-03-01 18:39:26,530 - INFO - ============================================================
2026-03-03 10:14:33,867 - INFO - [OK] Connected to SQLite database: data.sqlite
2026-03-03 10:14:39,070 - INFO - [OK] Connected to Firestore project: rugby-ai-61fd0
2026-03-03 10:14:39,070 - INFO - 
============================================================
2026-03-03 10:14:39,070 - INFO - Starting Firestore Sync (Duplicate-Aware)
2026-03-03 10:14:39,070 - INFO - ============================================================
2026-03-03 10:14:39,071 - INFO - Fetching existing match IDs from Firestore...
2026-03-03 10:14:42,071 - INFO - Found 3615 existing matches in Firestore
2026-03-03 10:14:42,072 - INFO - Fetching existing team IDs from Firestore...
2026-03-03 10:14:42,591 - INFO - Found 180 existing teams in Firestore
2026-03-03 10:14:42,591 - INFO - 
Syncing leagues...
2026-03-03 10:14:43,230 - INFO - [OK] Leagues: 5 synced
2026-03-03 10:14:43,230 - INFO - 
Syncing teams...
2026-03-03 10:14:43,231 - INFO - [OK] Teams: 0 synced, 149 already exist
2026-03-03 10:14:43,231 - INFO - 
Syncing matches...
2026-03-03 10:15:21,299 - INFO - [OK] Matches: 0 new, 35 updated, 2871 skipped
2026-03-03 10:15:21,300 - INFO - 
============================================================
2026-03-03 10:15:21,300 - INFO - Sync Complete!
2026-03-03 10:15:21,300 - INFO -    Total synced: 5
2026-03-03 10:15:21,300 - INFO -    Total updated: 35
2026-03-03 10:15:21,301 - INFO -    Duration: 42.2s
2026-03-03 10:15:21,301 - INFO - ============================================================
2026-03-03 20:32:02,091 - INFO - [OK] Connected to SQLite database: data.sqlite
2026-03-03 20:32:07,002 - INFO - [OK] Connected to Firestore project: rugby-ai-61fd0
2026-03-03 20:32:07,003 - INFO - 
============================================================
2026-03-03 20:32:07,003 - INFO - Starting Firestore Sync (Duplicate-Aware)
2026-03-03 20:32:07,003 - INFO - ============================================================
2026-03-03 20:32:07,003 - INFO - Fetching existing match IDs from Firestore...
2026-03-03 20:32:10,988 - INFO - Found 3615 existing matches in Firestore
2026-03-03 20:32:10,988 - INFO - Fetching existing team IDs from Firestore...
2026-03-03 20:32:11,367 - INFO - Found 180 existing teams in Firestore
2026-03-03 20:32:11,367 - INFO - 
Syncing leagues...
2026-03-03 20:32:12,313 - INFO - [OK] Leagues: 5 synced
2026-03-03 20:32:12,314 - INFO - 
Syncing teams...
2026-03-03 20:32:12,315 - INFO - [OK] Teams: 0 synced, 149 already exist
2026-03-03 20:32:12,315 - INFO - 
Syncing matches...
2026-03-03 20:33:21,685 - INFO - [OK] Matches: 0 new, 7 updated, 2892 skipped
2026-03-03 20:33:21,686 - INFO - 
============================================================
2026-03-03 20:33:21,687 - INFO - Sync Complete!
2026-03-03 20:33:21,687 - INFO -    Total synced: 5
2026-03-03 20:33:21,687 - INFO -    Total updated: 7
2026-03-03 20:33:21,687 - INFO -    Duration: 74.7s
2026-03-03 20:33:21,687 - INFO - ============================================================
2026-03-09 17:54:32,244 - INFO - 
============================================================
2026-03-09 17:54:32,244 - INFO - Starting Firestore Sync (Duplicate-Aware)
2026-03-09 17:54:32,244 - INFO - ============================================================
2026-03-09 17:54:32,244 - INFO - Fetching existing match IDs from Firestore...
2026-03-09 17:54:35,351 - INFO - Found 3615 existing matches in Firestore
2026-03-09 17:54:35,352 - INFO - Fetching existing team IDs from Firestore...
2026-03-09 17:54:35,602 - INFO - Found 180 existing teams in Firestore
2026-03-09 17:54:37,059 - INFO -   Synced 500 new, updated 0 matches...
2026-03-09 17:54:38,246 - INFO -   Synced 1000 new, updated 0 matches...
2026-03-09 17:54:39,155 - INFO -   Synced 1500 new, updated 0 matches...
2026-03-09 17:54:39,969 - INFO -   Synced 2000 new, updated 0 matches...
2026-03-09 17:54:40,958 - INFO -   Synced 2500 new, updated 0 matches...
2026-03-09 17:54:41,974 - INFO -   Synced 3000 new, updated 0 matches...
2026-03-09 17:54:42,913 - INFO -   Synced 3500 new, updated 0 matches...
2026-03-09 17:54:43,832 - INFO -   Synced 4000 new, updated 0 matches...
2026-03-09 17:54:44,693 - INFO -   Synced 4500 new, updated 0 matches...
2026-03-09 17:54:45,692 - INFO -   Synced 5000 new, updated 0 matches...
2026-03-09 17:54:46,684 - INFO -   Synced 5500 new, updated 0 matches...
2026-03-09 17:54:47,504 - INFO -   Synced 6000 new, updated 0 matches...
2026-03-09 17:54:48,293 - INFO -   Synced 6500 new, updated 0 matches...
2026-03-09 17:54:49,152 - INFO -   Synced 7000 new, updated 0 matches...
2026-03-09 17:54:50,028 - INFO -   Synced 7500 new, updated 0 matches...
2026-03-09 17:54:51,446 - INFO -   Synced 8000 new, updated 0 matches...
2026-03-09 17:54:54,723 - INFO -   Synced 8500 new, updated 0 matches...
2026-03-09 17:54:57,884 - INFO -   Synced 9000 new, updated 0 matches...
2026-03-09 17:55:01,953 - INFO -   Synced 9500 new, updated 0 matches...
2026-03-09 17:55:05,042 - INFO -   Synced 10000 new, updated 0 matches...
2026-03-09 17:55:09,256 - INFO -   Synced 10500 new, updated 0 matches...
2026-03-09 17:55:12,145 - INFO - 
============================================================
2026-03-09 17:55:12,145 - INFO - Sync Complete!
2026-03-09 17:55:12,145 - INFO -    Total synced: 10884
2026-03-09 17:55:12,145 - INFO -    Total updated: 0
2026-03-09 17:55:12,145 - INFO -    Duration: 39.9s
2026-03-09 17:55:12,145 - INFO - ============================================================
2026-03-11 07:27:13,421 - INFO - ✅ Connected to SQLite database: data.sqlite
2026-03-11 07:27:13,471 - INFO - ✅ Connected to Firestore project: rugby-ai-61fd0
2026-03-11 07:27:13,471 - INFO - 
============================================================
2026-03-11 07:27:13,471 - INFO - Starting Firestore Sync (Duplicate-Aware)
2026-03-11 07:27:13,472 - INFO - ============================================================
2026-03-11 07:27:13,472 - INFO - Fetching existing match IDs from Firestore...
2026-03-11 07:27:36,321 - INFO - Found 14398 existing matches in Firestore
2026-03-11 07:27:36,321 - INFO - Fetching existing team IDs from Firestore...
2026-03-11 07:27:36,688 - INFO - Found 276 existing teams in Firestore
2026-03-11 07:27:36,688 - INFO - 
📋 Syncing leagues...
2026-03-11 07:27:38,592 - INFO - ✅ Leagues: 5 synced
2026-03-11 07:27:38,592 - INFO - 
👥 Syncing teams...
2026-03-11 07:27:38,593 - INFO - ✅ Teams: 0 synced, 245 already exist
2026-03-11 07:27:38,593 - INFO - 
🏉 Syncing matches...
2026-03-11 07:28:24,339 - INFO -   Synced 500 new, updated 0 matches...
2026-03-11 07:29:11,615 - INFO -   Synced 1000 new, updated 0 matches...
2026-03-11 07:29:58,499 - INFO -   Synced 1500 new, updated 0 matches...
2026-03-11 07:30:33,474 - INFO -   Synced 2000 new, updated 0 matches...
2026-03-11 07:31:17,147 - INFO -   Synced 2500 new, updated 0 matches...
2026-03-11 07:31:43,110 - INFO -   Synced 3000 new, updated 0 matches...
2026-03-11 07:32:16,352 - INFO -   Synced 3500 new, updated 0 matches...
2026-03-11 07:33:00,881 - INFO -   Synced 4000 new, updated 0 matches...
2026-03-11 07:33:40,626 - INFO -   Synced 4500 new, updated 0 matches...
2026-03-11 07:34:18,458 - INFO -   Synced 5000 new, updated 0 matches...
2026-03-11 07:34:46,721 - INFO -   Synced 5500 new, updated 0 matches...
2026-03-11 07:35:19,079 - INFO -   Synced 6000 new, updated 0 matches...
2026-03-11 07:35:55,935 - INFO -   Synced 6500 new, updated 0 matches...
2026-03-11 07:36:31,133 - INFO -   Synced 7000 new, updated 0 matches...
2026-03-11 07:37:09,323 - INFO -   Synced 7500 new, updated 0 matches...
2026-03-11 07:37:47,358 - INFO -   Synced 8000 new, updated 0 matches...
2026-03-11 07:38:28,825 - INFO -   Synced 8500 new, updated 0 matches...
2026-03-11 07:39:09,780 - INFO -   Synced 9000 new, updated 0 matches...
2026-03-11 07:39:25,305 - INFO - ✅ Matches: 9215 new, 0 updated, 2279 skipped
2026-03-11 07:39:25,305 - INFO - 
============================================================
2026-03-11 07:39:25,305 - INFO - Sync Complete!
2026-03-11 07:39:25,305 - INFO -    Total synced: 9220
2026-03-11 07:39:25,305 - INFO -    Total updated: 0
2026-03-11 07:39:25,305 - INFO -    Duration: 731.8s
2026-03-11 07:39:25,305 - INFO - ============================================================
2026-03-11 08:10:00,442 - INFO - ✅ Connected to SQLite database: data.sqlite
2026-03-11 08:10:00,486 - INFO - ✅ Connected to Firestore project: rugby-ai-61fd0
2026-03-11 08:10:00,486 - INFO - 
============================================================
2026-03-11 08:10:00,486 - INFO - Starting Firestore Sync (Duplicate-Aware)
2026-03-11 08:10:00,486 - INFO - ============================================================
2026-03-11 08:10:00,486 - INFO - Fetching existing match IDs from Firestore...
2026-03-11 08:10:28,300 - INFO - Found 23613 existing matches in Firestore
2026-03-11 08:10:28,300 - INFO - Fetching existing team IDs from Firestore...
2026-03-11 08:10:28,626 - INFO - Found 276 existing teams in Firestore
2026-03-11 08:10:28,626 - INFO - 
📋 Syncing leagues...
2026-03-11 08:10:30,209 - INFO - ✅ Leagues: 5 synced
2026-03-11 08:10:30,209 - INFO - 
👥 Syncing teams...
2026-03-11 08:10:30,210 - INFO - ✅ Teams: 0 synced, 245 already exist
2026-03-11 08:10:30,210 - INFO - 
🏉 Syncing matches...
2026-03-11 08:11:12,526 - INFO -   Synced 500 new, updated 0 matches...
2026-03-11 08:11:56,292 - INFO -   Synced 1000 new, updated 0 matches...
2026-03-11 08:12:40,130 - INFO -   Synced 1500 new, updated 0 matches...
2026-03-11 08:13:13,202 - INFO -   Synced 2000 new, updated 0 matches...
2026-03-11 08:13:54,485 - INFO -   Synced 2500 new, updated 0 matches...
2026-03-11 08:14:18,470 - INFO -   Synced 3000 new, updated 0 matches...
2026-03-11 08:14:50,041 - INFO -   Synced 3500 new, updated 0 matches...
2026-03-11 08:15:32,614 - INFO -   Synced 4000 new, updated 0 matches...
2026-03-11 08:16:10,298 - INFO -   Synced 4500 new, updated 0 matches...
2026-03-11 08:16:46,304 - INFO -   Synced 5000 new, updated 0 matches...
2026-03-11 08:17:13,000 - INFO -   Synced 5500 new, updated 0 matches...
2026-03-11 08:17:44,069 - INFO -   Synced 6000 new, updated 0 matches...
2026-03-11 08:18:18,905 - INFO -   Synced 6500 new, updated 0 matches...
2026-03-11 08:18:52,462 - INFO -   Synced 7000 new, updated 0 matches...
2026-03-11 08:19:28,691 - INFO -   Synced 7500 new, updated 0 matches...
2026-03-11 08:20:05,195 - INFO -   Synced 8000 new, updated 0 matches...
2026-03-11 08:20:44,477 - INFO -   Synced 8500 new, updated 0 matches...
2026-03-11 08:21:23,300 - INFO -   Synced 9000 new, updated 0 matches...
2026-03-11 08:21:38,129 - INFO - ✅ Matches: 9215 new, 0 updated, 2279 skipped
2026-03-11 08:21:38,130 - INFO - 
============================================================
2026-03-11 08:21:38,130 - INFO - Sync Complete!
2026-03-11 08:21:38,130 - INFO -    Total synced: 9220
2026-03-11 08:21:38,130 - INFO -    Total updated: 0
2026-03-11 08:21:38,130 - INFO -    Duration: 697.6s
2026-03-11 08:21:38,130 - INFO - ============================================================
2026-03-11 08:39:13,738 - INFO - ✅ Connected to SQLite database: data.sqlite
2026-03-11 08:39:13,872 - INFO - ✅ Connected to Firestore project: rugby-ai-61fd0
2026-03-11 08:39:13,872 - INFO - 
============================================================
2026-03-11 08:39:13,872 - INFO - Starting Firestore Sync (Duplicate-Aware)
2026-03-11 08:39:13,872 - INFO - ============================================================
2026-03-11 08:39:13,872 - INFO - Fetching existing match IDs from Firestore...
2026-03-11 08:39:49,258 - INFO - Found 32828 existing matches in Firestore
2026-03-11 08:39:49,259 - INFO - Fetching existing team IDs from Firestore...
2026-03-11 08:39:49,554 - INFO - Found 276 existing teams in Firestore
2026-03-11 08:39:49,554 - INFO - 
📋 Syncing leagues...
2026-03-11 08:39:50,994 - INFO - ✅ Leagues: 5 synced
2026-03-11 08:39:50,994 - INFO - 
👥 Syncing teams...
2026-03-11 08:39:50,995 - INFO - ✅ Teams: 0 synced, 245 already exist
2026-03-11 08:39:50,995 - INFO - 
🏉 Syncing matches...
2026-03-11 08:40:29,191 - INFO -   Synced 500 new, updated 0 matches...
2026-03-11 08:41:08,717 - INFO -   Synced 1000 new, updated 0 matches...
2026-03-11 08:41:47,775 - INFO -   Synced 1500 new, updated 0 matches...
2026-03-11 08:42:17,161 - INFO -   Synced 2000 new, updated 0 matches...
2026-03-11 08:42:54,001 - INFO -   Synced 2500 new, updated 0 matches...
2026-03-11 08:43:15,773 - INFO -   Synced 3000 new, updated 0 matches...
2026-03-11 08:43:44,056 - INFO -   Synced 3500 new, updated 0 matches...
2026-03-11 08:44:21,504 - INFO -   Synced 4000 new, updated 0 matches...
2026-03-11 08:44:54,784 - INFO -   Synced 4500 new, updated 0 matches...
2026-03-11 08:45:26,645 - INFO -   Synced 5000 new, updated 0 matches...
2026-03-11 08:45:50,771 - INFO -   Synced 5500 new, updated 0 matches...
2026-03-11 08:46:17,938 - INFO -   Synced 6000 new, updated 0 matches...
2026-03-11 08:46:48,679 - INFO -   Synced 6500 new, updated 0 matches...
2026-03-11 08:47:18,383 - INFO -   Synced 7000 new, updated 0 matches...
2026-03-11 08:47:50,477 - INFO -   Synced 7500 new, updated 0 matches...
2026-03-11 08:48:22,661 - INFO -   Synced 8000 new, updated 0 matches...
2026-03-11 08:48:57,584 - INFO -   Synced 8500 new, updated 0 matches...
2026-03-11 08:49:31,698 - INFO -   Synced 9000 new, updated 0 matches...
2026-03-11 08:49:44,738 - INFO - ✅ Matches: 9215 new, 0 updated, 2279 skipped
2026-03-11 08:49:44,738 - INFO - 
============================================================
2026-03-11 08:49:44,738 - INFO - Sync Complete!
2026-03-11 08:49:44,738 - INFO -    Total synced: 9220
2026-03-11 08:49:44,738 - INFO -    Total updated: 0
2026-03-11 08:49:44,738 - INFO -    Duration: 630.9s
2026-03-11 08:49:44,738 - INFO - ============================================================
2026-03-11 08:58:37,019 - INFO - ✅ Connected to SQLite database: data.sqlite
2026-03-11 08:58:37,067 - INFO - ✅ Connected to Firestore project: rugby-ai-61fd0
2026-03-11 08:58:37,067 - INFO - 
============================================================
2026-03-11 08:58:37,067 - INFO - Starting Firestore Sync (Duplicate-Aware)
2026-03-11 08:58:37,067 - INFO - ============================================================
2026-03-11 08:58:37,067 - INFO - Fetching existing match IDs from Firestore...
2026-03-11 08:59:28,019 - INFO - Found 42043 existing matches in Firestore
2026-03-11 08:59:28,019 - INFO - Fetching existing team IDs from Firestore...
2026-03-11 08:59:28,402 - INFO - Found 276 existing teams in Firestore
2026-03-11 08:59:28,402 - INFO - 
📋 Syncing leagues...
2026-03-11 08:59:30,138 - INFO - ✅ Leagues: 5 synced
2026-03-11 08:59:30,139 - INFO - 
👥 Syncing teams...
2026-03-11 08:59:30,139 - INFO - ✅ Teams: 0 synced, 245 already exist
2026-03-11 08:59:30,139 - INFO - 
🏉 Syncing matches...
2026-03-11 09:00:16,882 - INFO -   Synced 500 new, updated 0 matches...
2026-03-11 09:01:05,064 - INFO -   Synced 1000 new, updated 0 matches...
2026-03-11 09:01:53,123 - INFO -   Synced 1500 new, updated 0 matches...
2026-03-11 09:02:30,045 - INFO -   Synced 2000 new, updated 0 matches...
2026-03-11 09:03:14,614 - INFO -   Synced 2500 new, updated 0 matches...
2026-03-11 09:03:41,000 - INFO -   Synced 3000 new, updated 0 matches...
2026-03-11 09:04:14,878 - INFO -   Synced 3500 new, updated 0 matches...
2026-03-11 09:05:00,356 - INFO -   Synced 4000 new, updated 0 matches...
2026-03-11 09:05:41,957 - INFO -   Synced 4500 new, updated 0 matches...
2026-03-11 09:06:20,505 - INFO -   Synced 5000 new, updated 0 matches...
2026-03-11 09:06:49,411 - INFO -   Synced 5500 new, updated 0 matches...
2026-03-11 09:07:22,615 - INFO -   Synced 6000 new, updated 0 matches...
2026-03-11 09:08:00,348 - INFO -   Synced 6500 new, updated 0 matches...
2026-03-11 09:08:36,819 - INFO -   Synced 7000 new, updated 0 matches...
2026-03-11 09:09:16,726 - INFO -   Synced 7500 new, updated 0 matches...
2026-03-11 09:09:56,519 - INFO -   Synced 8000 new, updated 0 matches...
2026-03-11 09:10:40,009 - INFO -   Synced 8500 new, updated 0 matches...
2026-03-11 09:11:22,198 - INFO -   Synced 9000 new, updated 0 matches...
2026-03-11 09:11:38,369 - INFO - ✅ Matches: 9215 new, 0 updated, 2279 skipped
2026-03-11 09:11:38,369 - INFO - 
============================================================
2026-03-11 09:11:38,369 - INFO - Sync Complete!
2026-03-11 09:11:38,370 - INFO -    Total synced: 9220
2026-03-11 09:11:38,370 - INFO -    Total updated: 0
2026-03-11 09:11:38,370 - INFO -    Duration: 781.3s
2026-03-11 09:11:38,370 - INFO - ============================================================
2026-03-11 09:35:30,848 - INFO - ✅ Connected to SQLite database: data.sqlite
2026-03-11 09:35:30,896 - INFO - ✅ Connected to Firestore project: rugby-ai-61fd0
2026-03-11 09:35:30,896 - INFO - 
============================================================
2026-03-11 09:35:30,896 - INFO - Starting Firestore Sync (Duplicate-Aware)
2026-03-11 09:35:30,896 - INFO - ============================================================
2026-03-11 09:35:30,896 - INFO - Fetching existing match IDs from Firestore...
2026-03-11 09:36:21,938 - INFO - Found 51258 existing matches in Firestore
2026-03-11 09:36:21,939 - INFO - Fetching existing team IDs from Firestore...
2026-03-11 09:36:22,320 - INFO - Found 276 existing teams in Firestore
2026-03-11 09:36:22,320 - INFO - 
📋 Syncing leagues...
2026-03-11 09:36:24,047 - INFO - ✅ Leagues: 5 synced
2026-03-11 09:36:24,047 - INFO - 
👥 Syncing teams...
2026-03-11 09:36:24,048 - INFO - ✅ Teams: 0 synced, 245 already exist
2026-03-11 09:36:24,048 - INFO - 
🏉 Syncing matches...
2026-03-11 09:37:09,295 - INFO -   Synced 500 new, updated 0 matches...
2026-03-11 09:37:56,072 - INFO -   Synced 1000 new, updated 0 matches...
2026-03-11 09:38:42,742 - INFO -   Synced 1500 new, updated 0 matches...
2026-03-11 09:39:17,700 - INFO -   Synced 2000 new, updated 0 matches...
2026-03-11 09:40:01,061 - INFO -   Synced 2500 new, updated 0 matches...
2026-03-11 09:40:26,727 - INFO -   Synced 3000 new, updated 0 matches...
2026-03-11 09:41:00,095 - INFO -   Synced 3500 new, updated 0 matches...
2026-03-11 09:41:44,896 - INFO -   Synced 4000 new, updated 0 matches...
2026-03-11 09:42:24,443 - INFO -   Synced 4500 new, updated 0 matches...
2026-03-11 09:43:02,155 - INFO -   Synced 5000 new, updated 0 matches...
2026-03-11 09:43:30,384 - INFO -   Synced 5500 new, updated 0 matches...
2026-03-11 09:44:02,670 - INFO -   Synced 6000 new, updated 0 matches...
2026-03-11 09:44:39,508 - INFO -   Synced 6500 new, updated 0 matches...
2026-03-11 09:45:14,801 - INFO -   Synced 7000 new, updated 0 matches...
2026-03-11 09:45:52,949 - INFO -   Synced 7500 new, updated 0 matches...
2026-03-11 09:46:31,022 - INFO -   Synced 8000 new, updated 0 matches...
2026-03-11 09:47:12,363 - INFO -   Synced 8500 new, updated 0 matches...
2026-03-11 09:47:53,304 - INFO -   Synced 9000 new, updated 0 matches...
2026-03-11 09:48:08,791 - INFO - ✅ Matches: 9215 new, 0 updated, 2279 skipped
2026-03-11 09:48:08,792 - INFO - 
============================================================
2026-03-11 09:48:08,792 - INFO - Sync Complete!
2026-03-11 09:48:08,792 - INFO -    Total synced: 9220
2026-03-11 09:48:08,792 - INFO -    Total updated: 0
2026-03-11 09:48:08,792 - INFO -    Duration: 757.9s
2026-03-11 09:48:08,792 - INFO - ============================================================
2026-03-11 10:11:00,120 - INFO - ✅ Connected to SQLite database: data.sqlite
2026-03-11 10:11:00,168 - INFO - ✅ Connected to Firestore project: rugby-ai-61fd0
2026-03-11 10:11:00,168 - INFO - 
============================================================
2026-03-11 10:11:00,168 - INFO - Starting Firestore Sync (Duplicate-Aware)
2026-03-11 10:11:00,168 - INFO - ============================================================
2026-03-11 10:11:00,168 - INFO - Fetching existing match IDs from Firestore...
2026-03-11 10:11:56,653 - INFO - Found 60473 existing matches in Firestore
2026-03-11 10:11:56,653 - INFO - Fetching existing team IDs from Firestore...
2026-03-11 10:11:56,955 - INFO - Found 276 existing teams in Firestore
2026-03-11 10:11:56,955 - INFO - 
📋 Syncing leagues...
2026-03-11 10:11:58,507 - INFO - ✅ Leagues: 5 synced
2026-03-11 10:11:58,507 - INFO - 
👥 Syncing teams...
2026-03-11 10:11:58,508 - INFO - ✅ Teams: 0 synced, 245 already exist
2026-03-11 10:11:58,508 - INFO - 
🏉 Syncing matches...
2026-03-11 10:12:36,639 - INFO -   Synced 500 new, updated 0 matches...
2026-03-11 10:13:16,103 - INFO -   Synced 1000 new, updated 0 matches...
2026-03-11 10:13:55,491 - INFO -   Synced 1500 new, updated 0 matches...
2026-03-11 10:14:24,618 - INFO -   Synced 2000 new, updated 0 matches...
2026-03-11 10:15:01,553 - INFO -   Synced 2500 new, updated 0 matches...
2026-03-11 10:15:23,077 - INFO -   Synced 3000 new, updated 0 matches...
2026-03-11 10:15:51,417 - INFO -   Synced 3500 new, updated 0 matches...
2026-03-11 10:16:28,791 - INFO -   Synced 4000 new, updated 0 matches...
2026-03-11 10:17:02,344 - INFO -   Synced 4500 new, updated 0 matches...
2026-03-11 10:17:34,123 - INFO -   Synced 5000 new, updated 0 matches...
2026-03-11 10:17:57,866 - INFO -   Synced 5500 new, updated 0 matches...
2026-03-11 10:18:25,065 - INFO -   Synced 6000 new, updated 0 matches...
2026-03-11 10:18:55,741 - INFO -   Synced 6500 new, updated 0 matches...
2026-03-11 10:19:25,346 - INFO -   Synced 7000 new, updated 0 matches...
2026-03-11 10:19:57,416 - INFO -   Synced 7500 new, updated 0 matches...
2026-03-11 10:20:29,432 - INFO -   Synced 8000 new, updated 0 matches...
2026-03-11 10:21:05,518 - INFO -   Synced 8500 new, updated 0 matches...
2026-03-11 10:21:40,025 - INFO -   Synced 9000 new, updated 0 matches...
2026-03-11 10:21:53,252 - INFO - ✅ Matches: 9215 new, 0 updated, 2279 skipped
2026-03-11 10:21:53,252 - INFO - 
============================================================
2026-03-11 10:21:53,252 - INFO - Sync Complete!
2026-03-11 10:21:53,253 - INFO -    Total synced: 9220
2026-03-11 10:21:53,253 - INFO -    Total updated: 0
2026-03-11 10:21:53,253 - INFO -    Duration: 653.1s
2026-03-11 10:21:53,253 - INFO - ============================================================
2026-03-11 11:14:22,658 - INFO - ✅ Connected to SQLite database: data.sqlite
2026-03-11 11:14:22,705 - INFO - ✅ Connected to Firestore project: rugby-ai-61fd0
2026-03-11 11:14:22,706 - INFO - 
============================================================
2026-03-11 11:14:22,706 - INFO - Starting Firestore Sync (Duplicate-Aware)
2026-03-11 11:14:22,706 - INFO - ============================================================
2026-03-11 11:14:22,706 - INFO - Fetching existing match IDs from Firestore...
2026-03-11 11:15:26,164 - INFO - Found 69688 existing matches in Firestore
2026-03-11 11:15:26,164 - INFO - Fetching existing team IDs from Firestore...
2026-03-11 11:15:26,508 - INFO - Found 276 existing teams in Firestore
2026-03-11 11:15:26,508 - INFO - 
📋 Syncing leagues...
2026-03-11 11:15:28,069 - INFO - ✅ Leagues: 5 synced
2026-03-11 11:15:28,069 - INFO - 
👥 Syncing teams...
2026-03-11 11:15:28,070 - INFO - ✅ Teams: 0 synced, 245 already exist
2026-03-11 11:15:28,070 - INFO - 
🏉 Syncing matches...
2026-03-11 11:16:10,175 - INFO -   Synced 500 new, updated 0 matches...
2026-03-11 11:16:53,864 - INFO -   Synced 1000 new, updated 0 matches...
2026-03-11 11:17:37,843 - INFO -   Synced 1500 new, updated 0 matches...
2026-03-11 11:18:10,789 - INFO -   Synced 2000 new, updated 0 matches...
2026-03-11 11:18:52,138 - INFO -   Synced 2500 new, updated 0 matches...
2026-03-11 11:19:16,303 - INFO -   Synced 3000 new, updated 0 matches...
2026-03-11 11:19:47,981 - INFO -   Synced 3500 new, updated 0 matches...
2026-03-11 11:20:30,355 - INFO -   Synced 4000 new, updated 0 matches...
2026-03-11 11:21:08,228 - INFO -   Synced 4500 new, updated 0 matches...
2026-03-11 11:21:44,170 - INFO -   Synced 5000 new, updated 0 matches...
2026-03-11 11:22:10,885 - INFO -   Synced 5500 new, updated 0 matches...
2026-03-11 11:22:41,679 - INFO -   Synced 6000 new, updated 0 matches...
2026-03-11 11:23:16,695 - INFO -   Synced 6500 new, updated 0 matches...
2026-03-11 11:23:50,127 - INFO -   Synced 7000 new, updated 0 matches...
2026-03-11 11:24:26,829 - INFO -   Synced 7500 new, updated 0 matches...
2026-03-11 11:25:03,200 - INFO -   Synced 8000 new, updated 0 matches...
2026-03-11 11:25:42,644 - INFO -   Synced 8500 new, updated 0 matches...
2026-03-11 11:26:21,508 - INFO -   Synced 9000 new, updated 0 matches...
2026-03-11 11:26:36,261 - INFO - ✅ Matches: 9215 new, 0 updated, 2279 skipped
2026-03-11 11:26:36,262 - INFO - 
============================================================
2026-03-11 11:26:36,262 - INFO - Sync Complete!
2026-03-11 11:26:36,262 - INFO -    Total synced: 9220
2026-03-11 11:26:36,262 - INFO -    Total updated: 0
2026-03-11 11:26:36,262 - INFO -    Duration: 733.6s
2026-03-11 11:26:36,262 - INFO - ============================================================
2026-03-11 11:36:07,833 - INFO - ✅ Connected to SQLite database: data.sqlite
2026-03-11 11:36:07,881 - INFO - ✅ Connected to Firestore project: rugby-ai-61fd0
2026-03-11 11:36:07,881 - INFO - 
============================================================
2026-03-11 11:36:07,881 - INFO - Starting Firestore Sync (Duplicate-Aware)
2026-03-11 11:36:07,881 - INFO - ============================================================
2026-03-11 11:36:07,881 - INFO - Fetching existing match IDs from Firestore...
2026-03-11 11:37:19,067 - INFO - Found 78903 existing matches in Firestore
2026-03-11 11:37:19,067 - INFO - Fetching existing team IDs from Firestore...
2026-03-11 11:37:19,433 - INFO - Found 276 existing teams in Firestore
2026-03-11 11:37:19,433 - INFO - 
📋 Syncing leagues...
2026-03-11 11:37:21,095 - INFO - ✅ Leagues: 5 synced
2026-03-11 11:37:21,095 - INFO - 
👥 Syncing teams...
2026-03-11 11:37:21,096 - INFO - ✅ Teams: 0 synced, 245 already exist
2026-03-11 11:37:21,096 - INFO - 
🏉 Syncing matches...
2026-03-11 11:38:06,538 - INFO -   Synced 500 new, updated 0 matches...
2026-03-11 11:38:53,644 - INFO -   Synced 1000 new, updated 0 matches...
2026-03-11 11:39:40,571 - INFO -   Synced 1500 new, updated 0 matches...
2026-03-11 11:40:15,509 - INFO -   Synced 2000 new, updated 0 matches...
2026-03-11 11:40:59,298 - INFO -   Synced 2500 new, updated 0 matches...
2026-03-11 11:41:25,060 - INFO -   Synced 3000 new, updated 0 matches...
2026-03-11 11:41:58,359 - INFO -   Synced 3500 new, updated 0 matches...
2026-03-11 11:42:42,863 - INFO -   Synced 4000 new, updated 0 matches...
2026-03-11 11:43:22,731 - INFO -   Synced 4500 new, updated 0 matches...
2026-03-11 11:44:00,664 - INFO -   Synced 5000 new, updated 0 matches...
2026-03-11 11:44:29,078 - INFO -   Synced 5500 new, updated 0 matches...
2026-03-11 11:45:01,341 - INFO -   Synced 6000 new, updated 0 matches...
2026-03-11 11:45:38,219 - INFO -   Synced 6500 new, updated 0 matches...
2026-03-11 11:46:13,516 - INFO -   Synced 7000 new, updated 0 matches...
2026-03-11 11:46:51,765 - INFO -   Synced 7500 new, updated 0 matches...
2026-03-11 11:47:31,751 - INFO -   Synced 8000 new, updated 0 matches...
2026-03-11 11:48:12,972 - INFO -   Synced 8500 new, updated 0 matches...
2026-03-11 11:48:56,033 - INFO -   Synced 9000 new, updated 0 matches...
2026-03-11 11:49:11,427 - INFO - ✅ Matches: 9215 new, 0 updated, 2279 skipped
2026-03-11 11:49:11,427 - INFO - 
============================================================
2026-03-11 11:49:11,427 - INFO - Sync Complete!
2026-03-11 11:49:11,427 - INFO -    Total synced: 9220
2026-03-11 11:49:11,427 - INFO -    Total updated: 0
2026-03-11 11:49:11,427 - INFO -    Duration: 783.5s
2026-03-11 11:49:11,427 - INFO - ============================================================
2026-03-11 22:28:47,432 - INFO - ✅ Connected to SQLite database: data.sqlite
2026-03-11 22:28:47,480 - INFO - ✅ Connected to Firestore project: rugby-ai-61fd0
2026-03-11 22:28:47,480 - INFO - 
============================================================
2026-03-11 22:28:47,480 - INFO - Starting Firestore Sync (Duplicate-Aware)
2026-03-11 22:28:47,480 - INFO - ============================================================
2026-03-11 22:28:47,480 - INFO - Fetching existing match IDs from Firestore...
2026-03-11 22:29:50,594 - INFO - Found 88118 existing matches in Firestore
2026-03-11 22:29:50,594 - INFO - Fetching existing team IDs from Firestore...
2026-03-11 22:29:50,880 - INFO - Found 276 existing teams in Firestore
2026-03-11 22:29:50,880 - INFO - 
📋 Syncing leagues...
2026-03-11 22:29:52,300 - INFO - ✅ Leagues: 5 synced
2026-03-11 22:29:52,300 - INFO - 
👥 Syncing teams...
2026-03-11 22:29:52,300 - INFO - ✅ Teams: 0 synced, 245 already exist
2026-03-11 22:29:52,300 - INFO - 
🏉 Syncing matches...
2026-03-11 22:30:29,853 - INFO -   Synced 500 new, updated 0 matches...
2026-03-11 22:31:06,143 - INFO -   Synced 1000 new, updated 0 matches...
2026-03-11 22:31:42,266 - INFO -   Synced 1500 new, updated 0 matches...
2026-03-11 22:32:09,777 - INFO -   Synced 2000 new, updated 0 matches...
2026-03-11 22:32:43,862 - INFO -   Synced 2500 new, updated 0 matches...
2026-03-11 22:33:04,022 - INFO -   Synced 3000 new, updated 0 matches...
2026-03-11 22:33:30,132 - INFO -   Synced 3500 new, updated 0 matches...
2026-03-11 22:34:05,539 - INFO -   Synced 4000 new, updated 0 matches...
2026-03-11 22:34:36,826 - INFO -   Synced 4500 new, updated 0 matches...
2026-03-11 22:35:07,129 - INFO -   Synced 5000 new, updated 0 matches...
2026-03-11 22:35:29,526 - INFO -   Synced 5500 new, updated 0 matches...
2026-03-11 22:35:54,962 - INFO -   Synced 6000 new, updated 0 matches...
2026-03-11 22:36:23,932 - INFO -   Synced 6500 new, updated 0 matches...
2026-03-11 22:36:51,644 - INFO -   Synced 7000 new, updated 0 matches...
2026-03-11 22:37:21,585 - INFO -   Synced 7500 new, updated 0 matches...
2026-03-11 22:37:51,555 - INFO -   Synced 8000 new, updated 0 matches...
2026-03-11 22:38:24,185 - INFO -   Synced 8500 new, updated 0 matches...
2026-03-11 22:38:56,927 - INFO -   Synced 9000 new, updated 0 matches...
2026-03-11 22:39:09,128 - INFO - ✅ Matches: 9215 new, 0 updated, 2279 skipped
2026-03-11 22:39:09,128 - INFO - 
============================================================
2026-03-11 22:39:09,128 - INFO - Sync Complete!
2026-03-11 22:39:09,128 - INFO -    Total synced: 9220
2026-03-11 22:39:09,128 - INFO -    Total updated: 0
2026-03-11 22:39:09,128 - INFO -    Duration: 621.6s
2026-03-11 22:39:09,128 - INFO - ============================================================
2026-03-12 22:27:58,969 - INFO - ✅ Connected to SQLite database: data.sqlite
2026-03-12 22:27:59,013 - INFO - ✅ Connected to Firestore project: rugby-ai-61fd0
2026-03-12 22:27:59,013 - INFO - 
============================================================
2026-03-12 22:27:59,013 - INFO - Starting Firestore Sync (Duplicate-Aware)
2026-03-12 22:27:59,013 - INFO - ============================================================
2026-03-12 22:27:59,014 - INFO - Fetching existing match IDs from Firestore...
2026-03-12 22:29:11,064 - INFO - Found 97333 existing matches in Firestore
2026-03-12 22:29:11,064 - INFO - Fetching existing team IDs from Firestore...
2026-03-12 22:29:11,377 - INFO - Found 276 existing teams in Firestore
2026-03-12 22:29:11,377 - INFO - 
📋 Syncing leagues...
2026-03-12 22:29:12,907 - INFO - ✅ Leagues: 5 synced
2026-03-12 22:29:12,907 - INFO - 
👥 Syncing teams...
2026-03-12 22:29:12,908 - INFO - ✅ Teams: 0 synced, 245 already exist
2026-03-12 22:29:12,908 - INFO - 
🏉 Syncing matches...
2026-03-12 22:29:53,183 - INFO -   Synced 500 new, updated 0 matches...
2026-03-12 22:30:34,934 - INFO -   Synced 1000 new, updated 0 matches...
2026-03-12 22:31:16,732 - INFO -   Synced 1500 new, updated 0 matches...
2026-03-12 22:31:50,866 - INFO -   Synced 2000 new, updated 0 matches...
2026-03-12 22:32:30,550 - INFO -   Synced 2500 new, updated 0 matches...
2026-03-12 22:32:53,589 - INFO -   Synced 3000 new, updated 0 matches...
2026-03-12 22:33:23,702 - INFO -   Synced 3500 new, updated 0 matches...
2026-03-12 22:34:04,097 - INFO -   Synced 4000 new, updated 0 matches...
2026-03-12 22:34:40,033 - INFO -   Synced 4500 new, updated 0 matches...
2026-03-12 22:35:14,354 - INFO -   Synced 5000 new, updated 0 matches...
2026-03-12 22:35:40,015 - INFO -   Synced 5500 new, updated 0 matches...
2026-03-12 22:36:09,291 - INFO -   Synced 6000 new, updated 0 matches...
2026-03-12 22:36:42,595 - INFO -   Synced 6500 new, updated 0 matches...
2026-03-12 22:37:14,569 - INFO -   Synced 7000 new, updated 0 matches...
2026-03-12 22:37:49,136 - INFO -   Synced 7500 new, updated 0 matches...
2026-03-12 22:38:23,861 - INFO -   Synced 8000 new, updated 0 matches...
2026-03-12 22:39:01,364 - INFO -   Synced 8500 new, updated 0 matches...
2026-03-12 22:39:38,419 - INFO -   Synced 9000 new, updated 0 matches...
2026-03-12 22:39:52,561 - INFO - ✅ Matches: 9215 new, 0 updated, 2279 skipped
2026-03-12 22:39:52,561 - INFO - 
============================================================
2026-03-12 22:39:52,561 - INFO - Sync Complete!
2026-03-12 22:39:52,561 - INFO -    Total synced: 9220
2026-03-12 22:39:52,561 - INFO -    Total updated: 0
2026-03-12 22:39:52,561 - INFO -    Duration: 713.5s
2026-03-12 22:39:52,561 - INFO - ============================================================
2026-03-13 22:29:52,089 - INFO - ✅ Connected to SQLite database: data.sqlite
2026-03-13 22:29:52,141 - INFO - ✅ Connected to Firestore project: rugby-ai-61fd0
2026-03-13 22:29:52,142 - INFO - 
============================================================
2026-03-13 22:29:52,142 - INFO - Starting Firestore Sync (Duplicate-Aware)
2026-03-13 22:29:52,142 - INFO - ============================================================
2026-03-13 22:29:52,142 - INFO - Fetching existing match IDs from Firestore...
2026-03-13 22:31:14,135 - INFO - Found 106548 existing matches in Firestore
2026-03-13 22:31:14,135 - INFO - Fetching existing team IDs from Firestore...
2026-03-13 22:31:14,441 - INFO - Found 276 existing teams in Firestore
2026-03-13 22:31:14,442 - INFO - 
📋 Syncing leagues...
2026-03-13 22:31:15,943 - INFO - ✅ Leagues: 5 synced
2026-03-13 22:31:15,943 - INFO - 
👥 Syncing teams...
2026-03-13 22:31:15,944 - INFO - ✅ Teams: 0 synced, 245 already exist
2026-03-13 22:31:15,944 - INFO - 
🏉 Syncing matches...
2026-03-13 22:31:58,173 - INFO -   Synced 498 new, updated 2 matches...
2026-03-13 22:32:39,658 - INFO -   Synced 998 new, updated 2 matches...
2026-03-13 22:33:20,934 - INFO -   Synced 1498 new, updated 2 matches...
2026-03-13 22:33:51,649 - INFO -   Synced 1998 new, updated 2 matches...
2026-03-13 22:34:30,958 - INFO -   Synced 2498 new, updated 2 matches...
2026-03-13 22:34:53,700 - INFO -   Synced 2998 new, updated 2 matches...
2026-03-13 22:35:23,500 - INFO -   Synced 3498 new, updated 2 matches...
2026-03-13 22:36:02,798 - INFO -   Synced 3998 new, updated 2 matches...
2026-03-13 22:36:36,931 - INFO -   Synced 4498 new, updated 2 matches...
2026-03-13 22:37:10,642 - INFO -   Synced 4998 new, updated 2 matches...
2026-03-13 22:37:34,916 - INFO -   Synced 5498 new, updated 2 matches...
2026-03-13 22:38:03,199 - INFO -   Synced 5998 new, updated 2 matches...
2026-03-13 22:38:35,930 - INFO -   Synced 6498 new, updated 2 matches...
2026-03-13 22:39:06,597 - INFO -   Synced 6998 new, updated 2 matches...
2026-03-13 22:39:39,751 - INFO -   Synced 7498 new, updated 2 matches...
2026-03-13 22:40:12,923 - INFO -   Synced 7998 new, updated 2 matches...
2026-03-13 22:40:48,947 - INFO -   Synced 8498 new, updated 2 matches...
2026-03-13 22:41:24,277 - INFO -   Synced 8998 new, updated 2 matches...
2026-03-13 22:41:38,075 - INFO - ✅ Matches: 9215 new, 2 updated, 2277 skipped
2026-03-13 22:41:38,075 - INFO - 
============================================================
2026-03-13 22:41:38,075 - INFO - Sync Complete!
2026-03-13 22:41:38,075 - INFO -    Total synced: 9220
2026-03-13 22:41:38,075 - INFO -    Total updated: 2
2026-03-13 22:41:38,075 - INFO -    Duration: 705.9s
2026-03-13 22:41:38,075 - INFO - ============================================================
