2025-09-30 14:01:45,717 - INFO - Starting automated model training
2025-09-30 14:01:45,717 - INFO - Training models for league 4986 (Rugby Championship)
2025-09-30 14:01:45,793 - INFO - Training on 112 samples, validating on 28 samples
2025-09-30 14:01:45,794 - INFO - Training classification models for league 4986
2025-09-30 14:01:50,719 - INFO - Training regression models for league 4986
2025-09-30 14:01:57,102 - INFO - League 4986 performance:
2025-09-30 14:01:57,102 - INFO -   Winner accuracy: 0.571
2025-09-30 14:01:57,102 - INFO -   Home score MAE: 9.203
2025-09-30 14:01:57,102 - INFO -   Away score MAE: 8.324
2025-09-30 14:01:57,107 - INFO -   Overall MAE: 8.763
2025-09-30 14:01:57,111 - INFO - Training models for league 4446 (United Rugby Championship)
2025-09-30 14:01:57,210 - INFO - Training on 208 samples, validating on 52 samples
2025-09-30 14:01:57,210 - INFO - Training classification models for league 4446
2025-09-30 14:01:58,856 - INFO - Training regression models for league 4446
2025-09-30 14:02:09,176 - INFO - League 4446 performance:
2025-09-30 14:02:09,176 - INFO -   Winner accuracy: 0.692
2025-09-30 14:02:09,176 - INFO -   Home score MAE: 11.619
2025-09-30 14:02:09,176 - INFO -   Away score MAE: 7.441
2025-09-30 14:02:09,176 - INFO -   Overall MAE: 9.530
2025-09-30 14:02:09,183 - INFO - Training models for league 5069 (Currie Cup)
2025-09-30 14:02:09,280 - INFO - Training on 183 samples, validating on 46 samples
2025-09-30 14:02:09,281 - INFO - Training classification models for league 5069
2025-09-30 14:02:10,866 - INFO - Training regression models for league 5069
2025-09-30 14:02:22,410 - INFO - League 5069 performance:
2025-09-30 14:02:22,410 - INFO -   Winner accuracy: 0.630
2025-09-30 14:02:22,410 - INFO -   Home score MAE: 12.775
2025-09-30 14:02:22,410 - INFO -   Away score MAE: 14.126
2025-09-30 14:02:22,410 - INFO -   Overall MAE: 13.451
2025-09-30 14:02:22,417 - INFO - Training models for league 4574 (Rugby World Cup)
2025-09-30 14:02:22,520 - INFO - Training on 120 samples, validating on 31 samples
2025-09-30 14:02:22,520 - INFO - Training classification models for league 4574
2025-09-30 14:02:23,922 - INFO - Training regression models for league 4574
2025-09-30 14:02:32,015 - INFO - League 4574 performance:
2025-09-30 14:02:32,015 - INFO -   Winner accuracy: 0.871
2025-09-30 14:02:32,015 - INFO -   Home score MAE: 13.846
2025-09-30 14:02:32,015 - INFO -   Away score MAE: 5.852
2025-09-30 14:02:32,015 - INFO -   Overall MAE: 9.849
2025-09-30 14:02:32,160 - INFO - Saved model for league 4986 to artifacts\league_4986_model.pkl
2025-09-30 14:02:32,315 - INFO - Saved model for league 4446 to artifacts\league_4446_model.pkl
2025-09-30 14:02:32,463 - INFO - Saved model for league 5069 to artifacts\league_5069_model.pkl
2025-09-30 14:02:32,668 - INFO - Saved model for league 4574 to artifacts\league_4574_model.pkl
2025-09-30 14:02:32,669 - INFO - Saved model registry to artifacts\model_registry.json
2025-09-30 14:02:32,669 - INFO - Successfully trained models for 4 leagues: [4986, 4446, 5069, 4574]
2025-09-30 14:02:32,669 - INFO - Model training completed successfully
