2026-03-08 21:24:11,180 | INFO | Starting MAZ MAXED V4 run
2026-03-08 21:24:11,180 | INFO | Logging to: artifacts/maz_maxed_v4_run_20260308_212411.log
2026-03-08 21:24:11,733 | INFO | [V4] Global pretraining start: rows=8845 teams=153 epochs=20 seeds=3
2026-03-08 21:24:30,997 | INFO | [V4] Global pretraining done for seed=42
2026-03-08 21:24:48,452 | INFO | [V4] Global pretraining done for seed=1337
2026-03-08 21:25:04,849 | INFO | [V4] Global pretraining done for seed=9001
2026-03-08 21:25:04,851 | INFO | [Rugby Championship] walk-forward start: rows=138, chunks=3, step=20
2026-03-08 21:25:05,273 | INFO | [Rugby Championship] chunk 1/3 done | train=80 test=20
2026-03-08 21:25:05,709 | INFO | [Rugby Championship] chunk 2/3 done | train=100 test=20
2026-03-08 21:25:06,273 | INFO | [Rugby Championship] chunk 3/3 done | train=120 test=18
2026-03-08 21:25:06,706 | INFO | [Rugby Championship] win_acc=0.724 mae=8.361 brier=0.2090 ece=0.2426 alpha_test_avg=0.559 low_conf_rate=0.586
2026-03-08 21:25:06,709 | INFO | [United Rugby Championship] walk-forward start: rows=2226, chunks=108, step=20
2026-03-08 21:25:07,116 | INFO | [United Rugby Championship] chunk 1/108 done | train=80 test=20
2026-03-08 21:25:07,518 | INFO | [United Rugby Championship] chunk 2/108 done | train=100 test=20
2026-03-08 21:25:07,957 | INFO | [United Rugby Championship] chunk 3/108 done | train=120 test=20
2026-03-08 21:25:08,762 | INFO | [United Rugby Championship] chunk 4/108 done | train=140 test=20
2026-03-08 21:25:09,590 | INFO | [United Rugby Championship] chunk 5/108 done | train=160 test=20
2026-03-08 21:25:10,380 | INFO | [United Rugby Championship] chunk 6/108 done | train=180 test=20
2026-03-08 21:25:11,193 | INFO | [United Rugby Championship] chunk 7/108 done | train=200 test=20
2026-03-08 21:25:12,020 | INFO | [United Rugby Championship] chunk 8/108 done | train=220 test=20
2026-03-08 21:25:12,858 | INFO | [United Rugby Championship] chunk 9/108 done | train=240 test=20
2026-03-08 21:25:13,976 | INFO | [United Rugby Championship] chunk 10/108 done | train=260 test=20
2026-03-08 21:25:15,155 | INFO | [United Rugby Championship] chunk 11/108 done | train=280 test=20
2026-03-08 21:25:16,333 | INFO | [United Rugby Championship] chunk 12/108 done | train=300 test=20
2026-03-08 21:25:17,546 | INFO | [United Rugby Championship] chunk 13/108 done | train=320 test=20
2026-03-08 21:25:18,800 | INFO | [United Rugby Championship] chunk 14/108 done | train=340 test=20
2026-03-08 21:25:20,106 | INFO | [United Rugby Championship] chunk 15/108 done | train=360 test=20
2026-03-08 21:25:21,404 | INFO | [United Rugby Championship] chunk 16/108 done | train=380 test=20
2026-03-08 21:25:22,975 | INFO | [United Rugby Championship] chunk 17/108 done | train=400 test=20
2026-03-08 21:25:24,586 | INFO | [United Rugby Championship] chunk 18/108 done | train=420 test=20
2026-03-08 21:25:26,326 | INFO | [United Rugby Championship] chunk 19/108 done | train=440 test=20
2026-03-08 21:25:27,984 | INFO | [United Rugby Championship] chunk 20/108 done | train=460 test=20
2026-03-08 21:25:29,701 | INFO | [United Rugby Championship] chunk 21/108 done | train=480 test=20
2026-03-08 21:25:31,401 | INFO | [United Rugby Championship] chunk 22/108 done | train=500 test=20
2026-03-08 21:25:33,344 | INFO | [United Rugby Championship] chunk 23/108 done | train=520 test=20
2026-03-08 21:25:35,277 | INFO | [United Rugby Championship] chunk 24/108 done | train=540 test=20
2026-03-08 21:25:37,318 | INFO | [United Rugby Championship] chunk 25/108 done | train=560 test=20
2026-03-08 21:25:39,350 | INFO | [United Rugby Championship] chunk 26/108 done | train=580 test=20
2026-03-08 21:25:41,375 | INFO | [United Rugby Championship] chunk 27/108 done | train=600 test=20
2026-03-08 21:25:43,440 | INFO | [United Rugby Championship] chunk 28/108 done | train=620 test=20
2026-03-08 21:25:45,463 | INFO | [United Rugby Championship] chunk 29/108 done | train=640 test=20
2026-03-08 21:25:47,920 | INFO | [United Rugby Championship] chunk 30/108 done | train=660 test=20
2026-03-08 21:25:50,735 | INFO | [United Rugby Championship] chunk 31/108 done | train=680 test=20
2026-03-08 21:25:53,166 | INFO | [United Rugby Championship] chunk 32/108 done | train=700 test=20
2026-03-08 21:25:55,520 | INFO | [United Rugby Championship] chunk 33/108 done | train=720 test=20
2026-03-08 21:25:57,974 | INFO | [United Rugby Championship] chunk 34/108 done | train=740 test=20
2026-03-08 21:26:00,406 | INFO | [United Rugby Championship] chunk 35/108 done | train=760 test=20
2026-03-08 21:26:03,120 | INFO | [United Rugby Championship] chunk 36/108 done | train=780 test=20
2026-03-08 21:26:05,889 | INFO | [United Rugby Championship] chunk 37/108 done | train=800 test=20
2026-03-08 21:26:08,654 | INFO | [United Rugby Championship] chunk 38/108 done | train=820 test=20
2026-03-08 21:26:11,460 | INFO | [United Rugby Championship] chunk 39/108 done | train=840 test=20
2026-03-08 21:26:14,268 | INFO | [United Rugby Championship] chunk 40/108 done | train=860 test=20
2026-03-08 21:26:17,064 | INFO | [United Rugby Championship] chunk 41/108 done | train=880 test=20
2026-03-08 21:26:20,120 | INFO | [United Rugby Championship] chunk 42/108 done | train=900 test=20
2026-03-08 21:26:23,209 | INFO | [United Rugby Championship] chunk 43/108 done | train=920 test=20
2026-03-08 21:26:26,326 | INFO | [United Rugby Championship] chunk 44/108 done | train=940 test=20
2026-03-08 21:26:29,398 | INFO | [United Rugby Championship] chunk 45/108 done | train=960 test=20
2026-03-08 21:26:32,532 | INFO | [United Rugby Championship] chunk 46/108 done | train=980 test=20
2026-03-08 21:26:35,716 | INFO | [United Rugby Championship] chunk 47/108 done | train=1000 test=20
2026-03-08 21:26:38,887 | INFO | [United Rugby Championship] chunk 48/108 done | train=1020 test=20
2026-03-08 21:26:42,324 | INFO | [United Rugby Championship] chunk 49/108 done | train=1040 test=20
2026-03-08 21:26:45,867 | INFO | [United Rugby Championship] chunk 50/108 done | train=1060 test=20
2026-03-08 21:26:49,864 | INFO | [United Rugby Championship] chunk 51/108 done | train=1080 test=20
2026-03-08 21:26:53,463 | INFO | [United Rugby Championship] chunk 52/108 done | train=1100 test=20
2026-03-08 21:26:57,000 | INFO | [United Rugby Championship] chunk 53/108 done | train=1120 test=20
2026-03-08 21:27:00,484 | INFO | [United Rugby Championship] chunk 54/108 done | train=1140 test=20
2026-03-08 21:27:04,170 | INFO | [United Rugby Championship] chunk 55/108 done | train=1160 test=20
2026-03-08 21:27:07,995 | INFO | [United Rugby Championship] chunk 56/108 done | train=1180 test=20
2026-03-08 21:27:11,806 | INFO | [United Rugby Championship] chunk 57/108 done | train=1200 test=20
2026-03-08 21:27:15,688 | INFO | [United Rugby Championship] chunk 58/108 done | train=1220 test=20
2026-03-08 21:27:19,615 | INFO | [United Rugby Championship] chunk 59/108 done | train=1240 test=20
2026-03-08 21:27:23,588 | INFO | [United Rugby Championship] chunk 60/108 done | train=1260 test=20
2026-03-08 21:27:27,536 | INFO | [United Rugby Championship] chunk 61/108 done | train=1280 test=20
2026-03-08 21:27:31,655 | INFO | [United Rugby Championship] chunk 62/108 done | train=1300 test=20
2026-03-08 21:27:35,821 | INFO | [United Rugby Championship] chunk 63/108 done | train=1320 test=20
2026-03-08 21:27:40,066 | INFO | [United Rugby Championship] chunk 64/108 done | train=1340 test=20
2026-03-08 21:27:44,260 | INFO | [United Rugby Championship] chunk 65/108 done | train=1360 test=20
2026-03-08 21:27:48,783 | INFO | [United Rugby Championship] chunk 66/108 done | train=1380 test=20
2026-03-08 21:27:53,410 | INFO | [United Rugby Championship] chunk 67/108 done | train=1400 test=20
2026-03-08 21:27:57,990 | INFO | [United Rugby Championship] chunk 68/108 done | train=1420 test=20
2026-03-08 21:28:02,600 | INFO | [United Rugby Championship] chunk 69/108 done | train=1440 test=20
2026-03-08 21:28:07,177 | INFO | [United Rugby Championship] chunk 70/108 done | train=1460 test=20
2026-03-08 21:28:11,758 | INFO | [United Rugby Championship] chunk 71/108 done | train=1480 test=20
2026-03-08 21:28:16,427 | INFO | [United Rugby Championship] chunk 72/108 done | train=1500 test=20
2026-03-08 21:28:21,350 | INFO | [United Rugby Championship] chunk 73/108 done | train=1520 test=20
2026-03-08 21:28:26,183 | INFO | [United Rugby Championship] chunk 74/108 done | train=1540 test=20
2026-03-08 21:28:31,098 | INFO | [United Rugby Championship] chunk 75/108 done | train=1560 test=20
2026-03-08 21:28:36,114 | INFO | [United Rugby Championship] chunk 76/108 done | train=1580 test=20
2026-03-08 21:28:40,988 | INFO | [United Rugby Championship] chunk 77/108 done | train=1600 test=20
2026-03-08 21:28:45,900 | INFO | [United Rugby Championship] chunk 78/108 done | train=1620 test=20
2026-03-08 21:28:51,480 | INFO | [United Rugby Championship] chunk 79/108 done | train=1640 test=20
2026-03-08 21:28:56,421 | INFO | [United Rugby Championship] chunk 80/108 done | train=1660 test=20
2026-03-08 21:29:01,943 | INFO | [United Rugby Championship] chunk 81/108 done | train=1680 test=20
2026-03-08 21:29:07,152 | INFO | [United Rugby Championship] chunk 82/108 done | train=1700 test=20
2026-03-08 21:29:12,385 | INFO | [United Rugby Championship] chunk 83/108 done | train=1720 test=20
2026-03-08 21:29:17,654 | INFO | [United Rugby Championship] chunk 84/108 done | train=1740 test=20
2026-03-08 21:29:22,985 | INFO | [United Rugby Championship] chunk 85/108 done | train=1760 test=20
2026-03-08 21:29:28,282 | INFO | [United Rugby Championship] chunk 86/108 done | train=1780 test=20
2026-03-08 21:29:33,916 | INFO | [United Rugby Championship] chunk 87/108 done | train=1800 test=20
2026-03-08 21:29:39,614 | INFO | [United Rugby Championship] chunk 88/108 done | train=1820 test=20
2026-03-08 21:29:45,186 | INFO | [United Rugby Championship] chunk 89/108 done | train=1840 test=20
2026-03-08 21:29:51,244 | INFO | [United Rugby Championship] chunk 90/108 done | train=1860 test=20
2026-03-08 21:29:56,831 | INFO | [United Rugby Championship] chunk 91/108 done | train=1880 test=20
2026-03-08 21:30:02,568 | INFO | [United Rugby Championship] chunk 92/108 done | train=1900 test=20
2026-03-08 21:30:08,076 | INFO | [United Rugby Championship] chunk 93/108 done | train=1920 test=20
2026-03-08 21:30:14,037 | INFO | [United Rugby Championship] chunk 94/108 done | train=1940 test=20
2026-03-08 21:30:20,024 | INFO | [United Rugby Championship] chunk 95/108 done | train=1960 test=20
2026-03-08 21:30:25,951 | INFO | [United Rugby Championship] chunk 96/108 done | train=1980 test=20
2026-03-08 21:30:32,001 | INFO | [United Rugby Championship] chunk 97/108 done | train=2000 test=20
2026-03-08 21:30:37,956 | INFO | [United Rugby Championship] chunk 98/108 done | train=2020 test=20
2026-03-08 21:30:43,957 | INFO | [United Rugby Championship] chunk 99/108 done | train=2040 test=20
2026-03-08 21:30:50,661 | INFO | [United Rugby Championship] chunk 100/108 done | train=2060 test=20
2026-03-08 21:30:56,866 | INFO | [United Rugby Championship] chunk 101/108 done | train=2080 test=20
2026-03-08 21:31:03,119 | INFO | [United Rugby Championship] chunk 102/108 done | train=2100 test=20
2026-03-08 21:31:09,400 | INFO | [United Rugby Championship] chunk 103/108 done | train=2120 test=20
2026-03-08 21:31:15,628 | INFO | [United Rugby Championship] chunk 104/108 done | train=2140 test=20
2026-03-08 21:31:21,873 | INFO | [United Rugby Championship] chunk 105/108 done | train=2160 test=20
2026-03-08 21:31:28,382 | INFO | [United Rugby Championship] chunk 106/108 done | train=2180 test=20
2026-03-08 21:31:34,911 | INFO | [United Rugby Championship] chunk 107/108 done | train=2200 test=20
2026-03-08 21:31:41,594 | INFO | [United Rugby Championship] chunk 108/108 done | train=2220 test=6
2026-03-08 21:31:48,344 | INFO | [United Rugby Championship] win_acc=0.798 mae=7.200 brier=0.1472 ece=0.1799 alpha_test_avg=0.517 low_conf_rate=0.440
2026-03-08 21:31:48,346 | INFO | [Currie Cup] walk-forward start: rows=745, chunks=34, step=20
2026-03-08 21:31:48,795 | INFO | [Currie Cup] chunk 1/34 done | train=80 test=20
2026-03-08 21:31:49,282 | INFO | [Currie Cup] chunk 2/34 done | train=100 test=20
2026-03-08 21:31:49,797 | INFO | [Currie Cup] chunk 3/34 done | train=120 test=20
2026-03-08 21:31:50,669 | INFO | [Currie Cup] chunk 4/34 done | train=140 test=20
2026-03-08 21:31:51,364 | INFO | [Currie Cup] chunk 5/34 done | train=160 test=20
2026-03-08 21:31:52,122 | INFO | [Currie Cup] chunk 6/34 done | train=180 test=20
2026-03-08 21:31:52,880 | INFO | [Currie Cup] chunk 7/34 done | train=200 test=20
2026-03-08 21:31:53,676 | INFO | [Currie Cup] chunk 8/34 done | train=220 test=20
2026-03-08 21:31:54,474 | INFO | [Currie Cup] chunk 9/34 done | train=240 test=20
2026-03-08 21:31:55,507 | INFO | [Currie Cup] chunk 10/34 done | train=260 test=20
2026-03-08 21:31:56,607 | INFO | [Currie Cup] chunk 11/34 done | train=280 test=20
2026-03-08 21:31:57,750 | INFO | [Currie Cup] chunk 12/34 done | train=300 test=20
2026-03-08 21:31:58,903 | INFO | [Currie Cup] chunk 13/34 done | train=320 test=20
2026-03-08 21:32:00,068 | INFO | [Currie Cup] chunk 14/34 done | train=340 test=20
2026-03-08 21:32:01,289 | INFO | [Currie Cup] chunk 15/34 done | train=360 test=20
2026-03-08 21:32:02,540 | INFO | [Currie Cup] chunk 16/34 done | train=380 test=20
2026-03-08 21:32:04,059 | INFO | [Currie Cup] chunk 17/34 done | train=400 test=20
2026-03-08 21:32:05,576 | INFO | [Currie Cup] chunk 18/34 done | train=420 test=20
2026-03-08 21:32:07,139 | INFO | [Currie Cup] chunk 19/34 done | train=440 test=20
2026-03-08 21:32:08,735 | INFO | [Currie Cup] chunk 20/34 done | train=460 test=20
2026-03-08 21:32:10,381 | INFO | [Currie Cup] chunk 21/34 done | train=480 test=20
2026-03-08 21:32:11,951 | INFO | [Currie Cup] chunk 22/34 done | train=500 test=20
2026-03-08 21:32:13,799 | INFO | [Currie Cup] chunk 23/34 done | train=520 test=20
2026-03-08 21:32:15,691 | INFO | [Currie Cup] chunk 24/34 done | train=540 test=20
2026-03-08 21:32:17,616 | INFO | [Currie Cup] chunk 25/34 done | train=560 test=20
2026-03-08 21:32:19,579 | INFO | [Currie Cup] chunk 26/34 done | train=580 test=20
2026-03-08 21:32:21,600 | INFO | [Currie Cup] chunk 27/34 done | train=600 test=20
2026-03-08 21:32:23,704 | INFO | [Currie Cup] chunk 28/34 done | train=620 test=20
2026-03-08 21:32:25,766 | INFO | [Currie Cup] chunk 29/34 done | train=640 test=20
2026-03-08 21:32:27,984 | INFO | [Currie Cup] chunk 30/34 done | train=660 test=20
2026-03-08 21:32:30,223 | INFO | [Currie Cup] chunk 31/34 done | train=680 test=20
2026-03-08 21:32:32,502 | INFO | [Currie Cup] chunk 32/34 done | train=700 test=20
2026-03-08 21:32:34,853 | INFO | [Currie Cup] chunk 33/34 done | train=720 test=20
2026-03-08 21:32:37,205 | INFO | [Currie Cup] chunk 34/34 done | train=740 test=5
2026-03-08 21:32:39,629 | INFO | [Currie Cup] win_acc=0.723 mae=8.827 brier=0.1921 ece=0.2187 alpha_test_avg=0.548 low_conf_rate=0.459
2026-03-08 21:32:39,632 | INFO | [Rugby World Cup] walk-forward start: rows=201, chunks=7, step=20
2026-03-08 21:32:39,988 | INFO | [Rugby World Cup] chunk 1/7 done | train=80 test=20
2026-03-08 21:32:40,374 | INFO | [Rugby World Cup] chunk 2/7 done | train=100 test=20
2026-03-08 21:32:40,818 | INFO | [Rugby World Cup] chunk 3/7 done | train=120 test=20
2026-03-08 21:32:41,509 | INFO | [Rugby World Cup] chunk 4/7 done | train=140 test=20
2026-03-08 21:32:42,212 | INFO | [Rugby World Cup] chunk 5/7 done | train=160 test=20
2026-03-08 21:32:42,949 | INFO | [Rugby World Cup] chunk 6/7 done | train=180 test=20
2026-03-08 21:32:43,695 | INFO | [Rugby World Cup] chunk 7/7 done | train=200 test=1
2026-03-08 21:32:44,460 | INFO | [Rugby World Cup] win_acc=0.785 mae=9.407 brier=0.1690 ece=0.2048 alpha_test_avg=0.549 low_conf_rate=0.504
2026-03-08 21:32:44,462 | INFO | [Super Rugby] walk-forward start: rows=1756, chunks=84, step=20
2026-03-08 21:32:44,819 | INFO | [Super Rugby] chunk 1/84 done | train=80 test=20
2026-03-08 21:32:45,203 | INFO | [Super Rugby] chunk 2/84 done | train=100 test=20
2026-03-08 21:32:45,627 | INFO | [Super Rugby] chunk 3/84 done | train=120 test=20
2026-03-08 21:32:46,448 | INFO | [Super Rugby] chunk 4/84 done | train=140 test=20
2026-03-08 21:32:47,158 | INFO | [Super Rugby] chunk 5/84 done | train=160 test=20
2026-03-08 21:32:48,021 | INFO | [Super Rugby] chunk 6/84 done | train=180 test=20
2026-03-08 21:32:48,982 | INFO | [Super Rugby] chunk 7/84 done | train=200 test=20
2026-03-08 21:32:49,963 | INFO | [Super Rugby] chunk 8/84 done | train=220 test=20
2026-03-08 21:32:50,934 | INFO | [Super Rugby] chunk 9/84 done | train=240 test=20
2026-03-08 21:32:51,984 | INFO | [Super Rugby] chunk 10/84 done | train=260 test=20
2026-03-08 21:32:53,055 | INFO | [Super Rugby] chunk 11/84 done | train=280 test=20
2026-03-08 21:32:54,177 | INFO | [Super Rugby] chunk 12/84 done | train=300 test=20
2026-03-08 21:32:55,354 | INFO | [Super Rugby] chunk 13/84 done | train=320 test=20
2026-03-08 21:32:56,533 | INFO | [Super Rugby] chunk 14/84 done | train=340 test=20
2026-03-08 21:32:57,719 | INFO | [Super Rugby] chunk 15/84 done | train=360 test=20
2026-03-08 21:32:58,945 | INFO | [Super Rugby] chunk 16/84 done | train=380 test=20
2026-03-08 21:33:00,451 | INFO | [Super Rugby] chunk 17/84 done | train=400 test=20
2026-03-08 21:33:01,980 | INFO | [Super Rugby] chunk 18/84 done | train=420 test=20
2026-03-08 21:33:03,545 | INFO | [Super Rugby] chunk 19/84 done | train=440 test=20
2026-03-08 21:33:05,080 | INFO | [Super Rugby] chunk 20/84 done | train=460 test=20
2026-03-08 21:33:06,662 | INFO | [Super Rugby] chunk 21/84 done | train=480 test=20
2026-03-08 21:33:08,337 | INFO | [Super Rugby] chunk 22/84 done | train=500 test=20
2026-03-08 21:33:10,260 | INFO | [Super Rugby] chunk 23/84 done | train=520 test=20
2026-03-08 21:33:12,191 | INFO | [Super Rugby] chunk 24/84 done | train=540 test=20
2026-03-08 21:33:14,101 | INFO | [Super Rugby] chunk 25/84 done | train=560 test=20
2026-03-08 21:33:16,015 | INFO | [Super Rugby] chunk 26/84 done | train=580 test=20
2026-03-08 21:33:17,920 | INFO | [Super Rugby] chunk 27/84 done | train=600 test=20
2026-03-08 21:33:19,973 | INFO | [Super Rugby] chunk 28/84 done | train=620 test=20
2026-03-08 21:33:21,975 | INFO | [Super Rugby] chunk 29/84 done | train=640 test=20
2026-03-08 21:33:24,586 | INFO | [Super Rugby] chunk 30/84 done | train=660 test=20
2026-03-08 21:33:26,947 | INFO | [Super Rugby] chunk 31/84 done | train=680 test=20
2026-03-08 21:33:29,280 | INFO | [Super Rugby] chunk 32/84 done | train=700 test=20
2026-03-08 21:33:31,605 | INFO | [Super Rugby] chunk 33/84 done | train=720 test=20
2026-03-08 21:33:34,021 | INFO | [Super Rugby] chunk 34/84 done | train=740 test=20
2026-03-08 21:33:36,408 | INFO | [Super Rugby] chunk 35/84 done | train=760 test=20
2026-03-08 21:33:39,076 | INFO | [Super Rugby] chunk 36/84 done | train=780 test=20
2026-03-08 21:33:41,685 | INFO | [Super Rugby] chunk 37/84 done | train=800 test=20
2026-03-08 21:33:44,332 | INFO | [Super Rugby] chunk 38/84 done | train=820 test=20
2026-03-08 21:33:47,098 | INFO | [Super Rugby] chunk 39/84 done | train=840 test=20
2026-03-08 21:33:50,222 | INFO | [Super Rugby] chunk 40/84 done | train=860 test=20
2026-03-08 21:33:53,083 | INFO | [Super Rugby] chunk 41/84 done | train=880 test=20
2026-03-08 21:33:56,035 | INFO | [Super Rugby] chunk 42/84 done | train=900 test=20
2026-03-08 21:33:59,157 | INFO | [Super Rugby] chunk 43/84 done | train=920 test=20
2026-03-08 21:34:02,178 | INFO | [Super Rugby] chunk 44/84 done | train=940 test=20
2026-03-08 21:34:05,187 | INFO | [Super Rugby] chunk 45/84 done | train=960 test=20
2026-03-08 21:34:08,329 | INFO | [Super Rugby] chunk 46/84 done | train=980 test=20
2026-03-08 21:34:11,434 | INFO | [Super Rugby] chunk 47/84 done | train=1000 test=20
2026-03-08 21:34:14,539 | INFO | [Super Rugby] chunk 48/84 done | train=1020 test=20
2026-03-08 21:34:17,935 | INFO | [Super Rugby] chunk 49/84 done | train=1040 test=20
2026-03-08 21:34:21,326 | INFO | [Super Rugby] chunk 50/84 done | train=1060 test=20
2026-03-08 21:34:24,774 | INFO | [Super Rugby] chunk 51/84 done | train=1080 test=20
2026-03-08 21:34:28,155 | INFO | [Super Rugby] chunk 52/84 done | train=1100 test=20
2026-03-08 21:34:31,599 | INFO | [Super Rugby] chunk 53/84 done | train=1120 test=20
2026-03-08 21:34:35,117 | INFO | [Super Rugby] chunk 54/84 done | train=1140 test=20
2026-03-08 21:34:38,759 | INFO | [Super Rugby] chunk 55/84 done | train=1160 test=20
2026-03-08 21:34:42,503 | INFO | [Super Rugby] chunk 56/84 done | train=1180 test=20
2026-03-08 21:34:46,345 | INFO | [Super Rugby] chunk 57/84 done | train=1200 test=20
2026-03-08 21:34:50,653 | INFO | [Super Rugby] chunk 58/84 done | train=1220 test=20
2026-03-08 21:34:54,527 | INFO | [Super Rugby] chunk 59/84 done | train=1240 test=20
2026-03-08 21:34:58,319 | INFO | [Super Rugby] chunk 60/84 done | train=1260 test=20
2026-03-08 21:35:02,183 | INFO | [Super Rugby] chunk 61/84 done | train=1280 test=20
2026-03-08 21:35:06,361 | INFO | [Super Rugby] chunk 62/84 done | train=1300 test=20
2026-03-08 21:35:10,484 | INFO | [Super Rugby] chunk 63/84 done | train=1320 test=20
2026-03-08 21:35:14,697 | INFO | [Super Rugby] chunk 64/84 done | train=1340 test=20
2026-03-08 21:35:18,862 | INFO | [Super Rugby] chunk 65/84 done | train=1360 test=20
2026-03-08 21:35:23,156 | INFO | [Super Rugby] chunk 66/84 done | train=1380 test=20
2026-03-08 21:35:27,421 | INFO | [Super Rugby] chunk 67/84 done | train=1400 test=20
2026-03-08 21:35:32,081 | INFO | [Super Rugby] chunk 68/84 done | train=1420 test=20
2026-03-08 21:35:36,611 | INFO | [Super Rugby] chunk 69/84 done | train=1440 test=20
2026-03-08 21:35:41,211 | INFO | [Super Rugby] chunk 70/84 done | train=1460 test=20
2026-03-08 21:35:45,778 | INFO | [Super Rugby] chunk 71/84 done | train=1480 test=20
2026-03-08 21:35:50,855 | INFO | [Super Rugby] chunk 72/84 done | train=1500 test=20
2026-03-08 21:35:55,484 | INFO | [Super Rugby] chunk 73/84 done | train=1520 test=20
2026-03-08 21:36:00,232 | INFO | [Super Rugby] chunk 74/84 done | train=1540 test=20
2026-03-08 21:36:05,089 | INFO | [Super Rugby] chunk 75/84 done | train=1560 test=20
2026-03-08 21:36:09,921 | INFO | [Super Rugby] chunk 76/84 done | train=1580 test=20
2026-03-08 21:36:14,772 | INFO | [Super Rugby] chunk 77/84 done | train=1600 test=20
2026-03-08 21:36:19,670 | INFO | [Super Rugby] chunk 78/84 done | train=1620 test=20
2026-03-08 21:36:24,616 | INFO | [Super Rugby] chunk 79/84 done | train=1640 test=20
2026-03-08 21:36:29,493 | INFO | [Super Rugby] chunk 80/84 done | train=1660 test=20
2026-03-08 21:36:34,780 | INFO | [Super Rugby] chunk 81/84 done | train=1680 test=20
2026-03-08 21:36:39,912 | INFO | [Super Rugby] chunk 82/84 done | train=1700 test=20
2026-03-08 21:36:45,111 | INFO | [Super Rugby] chunk 83/84 done | train=1720 test=20
2026-03-08 21:36:51,030 | INFO | [Super Rugby] chunk 84/84 done | train=1740 test=16
2026-03-08 21:36:56,456 | INFO | [Super Rugby] win_acc=0.782 mae=7.757 brier=0.1641 ece=0.1944 alpha_test_avg=0.541 low_conf_rate=0.458
2026-03-08 21:36:56,462 | INFO | [French Top 14] walk-forward start: rows=2922, chunks=143, step=20
2026-03-08 21:36:56,828 | INFO | [French Top 14] chunk 1/143 done | train=80 test=20
2026-03-08 21:36:57,206 | INFO | [French Top 14] chunk 2/143 done | train=100 test=20
2026-03-08 21:36:57,617 | INFO | [French Top 14] chunk 3/143 done | train=120 test=20
2026-03-08 21:36:58,361 | INFO | [French Top 14] chunk 4/143 done | train=140 test=20
2026-03-08 21:36:59,131 | INFO | [French Top 14] chunk 5/143 done | train=160 test=20
2026-03-08 21:36:59,923 | INFO | [French Top 14] chunk 6/143 done | train=180 test=20
2026-03-08 21:37:00,677 | INFO | [French Top 14] chunk 7/143 done | train=200 test=20
2026-03-08 21:37:01,459 | INFO | [French Top 14] chunk 8/143 done | train=220 test=20
2026-03-08 21:37:02,249 | INFO | [French Top 14] chunk 9/143 done | train=240 test=20
2026-03-08 21:37:03,287 | INFO | [French Top 14] chunk 10/143 done | train=260 test=20
2026-03-08 21:37:04,400 | INFO | [French Top 14] chunk 11/143 done | train=280 test=20
2026-03-08 21:37:05,520 | INFO | [French Top 14] chunk 12/143 done | train=300 test=20
2026-03-08 21:37:06,685 | INFO | [French Top 14] chunk 13/143 done | train=320 test=20
2026-03-08 21:37:07,877 | INFO | [French Top 14] chunk 14/143 done | train=340 test=20
2026-03-08 21:37:09,078 | INFO | [French Top 14] chunk 15/143 done | train=360 test=20
2026-03-08 21:37:10,338 | INFO | [French Top 14] chunk 16/143 done | train=380 test=20
2026-03-08 21:37:11,858 | INFO | [French Top 14] chunk 17/143 done | train=400 test=20
2026-03-08 21:37:13,413 | INFO | [French Top 14] chunk 18/143 done | train=420 test=20
2026-03-08 21:37:14,929 | INFO | [French Top 14] chunk 19/143 done | train=440 test=20
2026-03-08 21:37:16,488 | INFO | [French Top 14] chunk 20/143 done | train=460 test=20
2026-03-08 21:37:18,094 | INFO | [French Top 14] chunk 21/143 done | train=480 test=20
2026-03-08 21:37:19,770 | INFO | [French Top 14] chunk 22/143 done | train=500 test=20
2026-03-08 21:37:21,601 | INFO | [French Top 14] chunk 23/143 done | train=520 test=20
2026-03-08 21:37:23,557 | INFO | [French Top 14] chunk 24/143 done | train=540 test=20
2026-03-08 21:37:25,517 | INFO | [French Top 14] chunk 25/143 done | train=560 test=20
2026-03-08 21:37:27,442 | INFO | [French Top 14] chunk 26/143 done | train=580 test=20
2026-03-08 21:37:29,380 | INFO | [French Top 14] chunk 27/143 done | train=600 test=20
2026-03-08 21:37:31,375 | INFO | [French Top 14] chunk 28/143 done | train=620 test=20
2026-03-08 21:37:33,396 | INFO | [French Top 14] chunk 29/143 done | train=640 test=20
2026-03-08 21:37:35,630 | INFO | [French Top 14] chunk 30/143 done | train=660 test=20
2026-03-08 21:37:37,943 | INFO | [French Top 14] chunk 31/143 done | train=680 test=20
2026-03-08 21:37:40,311 | INFO | [French Top 14] chunk 32/143 done | train=700 test=20
2026-03-08 21:37:42,640 | INFO | [French Top 14] chunk 33/143 done | train=720 test=20
2026-03-08 21:37:45,009 | INFO | [French Top 14] chunk 34/143 done | train=740 test=20
2026-03-08 21:37:47,395 | INFO | [French Top 14] chunk 35/143 done | train=760 test=20
2026-03-08 21:37:50,559 | INFO | [French Top 14] chunk 36/143 done | train=780 test=20
2026-03-08 21:37:53,249 | INFO | [French Top 14] chunk 37/143 done | train=800 test=20
2026-03-08 21:37:55,950 | INFO | [French Top 14] chunk 38/143 done | train=820 test=20
2026-03-08 21:37:58,677 | INFO | [French Top 14] chunk 39/143 done | train=840 test=20
2026-03-08 21:38:01,411 | INFO | [French Top 14] chunk 40/143 done | train=860 test=20
2026-03-08 21:38:04,141 | INFO | [French Top 14] chunk 41/143 done | train=880 test=20
2026-03-08 21:38:07,138 | INFO | [French Top 14] chunk 42/143 done | train=900 test=20
2026-03-08 21:38:10,143 | INFO | [French Top 14] chunk 43/143 done | train=920 test=20
2026-03-08 21:38:13,185 | INFO | [French Top 14] chunk 44/143 done | train=940 test=20
2026-03-08 21:38:16,269 | INFO | [French Top 14] chunk 45/143 done | train=960 test=20
2026-03-08 21:38:19,368 | INFO | [French Top 14] chunk 46/143 done | train=980 test=20
2026-03-08 21:38:22,482 | INFO | [French Top 14] chunk 47/143 done | train=1000 test=20
2026-03-08 21:38:25,621 | INFO | [French Top 14] chunk 48/143 done | train=1020 test=20
2026-03-08 21:38:29,011 | INFO | [French Top 14] chunk 49/143 done | train=1040 test=20
2026-03-08 21:38:32,413 | INFO | [French Top 14] chunk 50/143 done | train=1060 test=20
2026-03-08 21:38:35,850 | INFO | [French Top 14] chunk 51/143 done | train=1080 test=20
2026-03-08 21:38:39,320 | INFO | [French Top 14] chunk 52/143 done | train=1100 test=20
2026-03-08 21:38:42,951 | INFO | [French Top 14] chunk 53/143 done | train=1120 test=20
2026-03-08 21:38:46,386 | INFO | [French Top 14] chunk 54/143 done | train=1140 test=20
2026-03-08 21:38:50,649 | INFO | [French Top 14] chunk 55/143 done | train=1160 test=20
2026-03-08 21:38:54,489 | INFO | [French Top 14] chunk 56/143 done | train=1180 test=20
2026-03-08 21:38:58,200 | INFO | [French Top 14] chunk 57/143 done | train=1200 test=20
2026-03-08 21:39:02,019 | INFO | [French Top 14] chunk 58/143 done | train=1220 test=20
2026-03-08 21:39:05,822 | INFO | [French Top 14] chunk 59/143 done | train=1240 test=20
2026-03-08 21:39:09,643 | INFO | [French Top 14] chunk 60/143 done | train=1260 test=20
2026-03-08 21:39:13,464 | INFO | [French Top 14] chunk 61/143 done | train=1280 test=20
2026-03-08 21:39:17,589 | INFO | [French Top 14] chunk 62/143 done | train=1300 test=20
2026-03-08 21:39:21,818 | INFO | [French Top 14] chunk 63/143 done | train=1320 test=20
2026-03-08 21:39:26,053 | INFO | [French Top 14] chunk 64/143 done | train=1340 test=20
2026-03-08 21:39:30,226 | INFO | [French Top 14] chunk 65/143 done | train=1360 test=20
2026-03-08 21:39:34,470 | INFO | [French Top 14] chunk 66/143 done | train=1380 test=20
2026-03-08 21:39:38,702 | INFO | [French Top 14] chunk 67/143 done | train=1400 test=20
2026-03-08 21:39:43,261 | INFO | [French Top 14] chunk 68/143 done | train=1420 test=20
2026-03-08 21:39:47,883 | INFO | [French Top 14] chunk 69/143 done | train=1440 test=20
2026-03-08 21:39:52,851 | INFO | [French Top 14] chunk 70/143 done | train=1460 test=20
2026-03-08 21:39:57,369 | INFO | [French Top 14] chunk 71/143 done | train=1480 test=20
2026-03-08 21:40:01,973 | INFO | [French Top 14] chunk 72/143 done | train=1500 test=20
2026-03-08 21:40:06,581 | INFO | [French Top 14] chunk 73/143 done | train=1520 test=20
2026-03-08 21:40:11,372 | INFO | [French Top 14] chunk 74/143 done | train=1540 test=20
2026-03-08 21:40:16,112 | INFO | [French Top 14] chunk 75/143 done | train=1560 test=20
2026-03-08 21:40:20,965 | INFO | [French Top 14] chunk 76/143 done | train=1580 test=20
2026-03-08 21:40:25,917 | INFO | [French Top 14] chunk 77/143 done | train=1600 test=20
2026-03-08 21:40:30,755 | INFO | [French Top 14] chunk 78/143 done | train=1620 test=20
2026-03-08 21:40:35,783 | INFO | [French Top 14] chunk 79/143 done | train=1640 test=20
2026-03-08 21:40:40,695 | INFO | [French Top 14] chunk 80/143 done | train=1660 test=20
2026-03-08 21:40:45,924 | INFO | [French Top 14] chunk 81/143 done | train=1680 test=20
2026-03-08 21:40:51,559 | INFO | [French Top 14] chunk 82/143 done | train=1700 test=20
2026-03-08 21:40:56,874 | INFO | [French Top 14] chunk 83/143 done | train=1720 test=20
2026-03-08 21:41:02,177 | INFO | [French Top 14] chunk 84/143 done | train=1740 test=20
2026-03-08 21:41:07,361 | INFO | [French Top 14] chunk 85/143 done | train=1760 test=20
2026-03-08 21:41:12,509 | INFO | [French Top 14] chunk 86/143 done | train=1780 test=20
2026-03-08 21:41:17,947 | INFO | [French Top 14] chunk 87/143 done | train=1800 test=20
2026-03-08 21:41:23,521 | INFO | [French Top 14] chunk 88/143 done | train=1820 test=20
2026-03-08 21:41:29,012 | INFO | [French Top 14] chunk 89/143 done | train=1840 test=20
2026-03-08 21:41:34,597 | INFO | [French Top 14] chunk 90/143 done | train=1860 test=20
2026-03-08 21:41:40,196 | INFO | [French Top 14] chunk 91/143 done | train=1880 test=20
2026-03-08 21:41:45,732 | INFO | [French Top 14] chunk 92/143 done | train=1900 test=20
2026-03-08 21:41:51,912 | INFO | [French Top 14] chunk 93/143 done | train=1920 test=20
2026-03-08 21:41:57,657 | INFO | [French Top 14] chunk 94/143 done | train=1940 test=20
2026-03-08 21:42:03,571 | INFO | [French Top 14] chunk 95/143 done | train=1960 test=20
2026-03-08 21:42:09,468 | INFO | [French Top 14] chunk 96/143 done | train=1980 test=20
2026-03-08 21:42:15,364 | INFO | [French Top 14] chunk 97/143 done | train=2000 test=20
2026-03-08 21:42:21,294 | INFO | [French Top 14] chunk 98/143 done | train=2020 test=20
2026-03-08 21:42:27,948 | INFO | [French Top 14] chunk 99/143 done | train=2040 test=20
2026-03-08 21:42:34,171 | INFO | [French Top 14] chunk 100/143 done | train=2060 test=20
2026-03-08 21:42:40,516 | INFO | [French Top 14] chunk 101/143 done | train=2080 test=20
2026-03-08 21:42:46,668 | INFO | [French Top 14] chunk 102/143 done | train=2100 test=20
2026-03-08 21:42:53,507 | INFO | [French Top 14] chunk 103/143 done | train=2120 test=20
2026-03-08 21:43:00,070 | INFO | [French Top 14] chunk 104/143 done | train=2140 test=20
2026-03-08 21:43:06,306 | INFO | [French Top 14] chunk 105/143 done | train=2160 test=20
2026-03-08 21:43:12,799 | INFO | [French Top 14] chunk 106/143 done | train=2180 test=20
2026-03-08 21:43:19,341 | INFO | [French Top 14] chunk 107/143 done | train=2200 test=20
2026-03-08 21:43:26,022 | INFO | [French Top 14] chunk 108/143 done | train=2220 test=20
2026-03-08 21:43:32,656 | INFO | [French Top 14] chunk 109/143 done | train=2240 test=20
2026-03-08 21:43:39,175 | INFO | [French Top 14] chunk 110/143 done | train=2260 test=20
2026-03-08 21:43:45,743 | INFO | [French Top 14] chunk 111/143 done | train=2280 test=20
2026-03-08 21:43:52,880 | INFO | [French Top 14] chunk 112/143 done | train=2300 test=20
2026-03-08 21:43:59,818 | INFO | [French Top 14] chunk 113/143 done | train=2320 test=20
2026-03-08 21:44:06,631 | INFO | [French Top 14] chunk 114/143 done | train=2340 test=20
2026-03-08 21:44:13,630 | INFO | [French Top 14] chunk 115/143 done | train=2360 test=20
2026-03-08 21:44:20,514 | INFO | [French Top 14] chunk 116/143 done | train=2380 test=20
2026-03-08 21:44:27,478 | INFO | [French Top 14] chunk 117/143 done | train=2400 test=20
2026-03-08 21:44:34,393 | INFO | [French Top 14] chunk 118/143 done | train=2420 test=20
2026-03-08 21:44:41,733 | INFO | [French Top 14] chunk 119/143 done | train=2440 test=20
2026-03-08 21:44:49,343 | INFO | [French Top 14] chunk 120/143 done | train=2460 test=20
2026-03-08 21:44:56,932 | INFO | [French Top 14] chunk 121/143 done | train=2480 test=20
2026-03-08 21:45:04,137 | INFO | [French Top 14] chunk 122/143 done | train=2500 test=20
2026-03-08 21:45:11,426 | INFO | [French Top 14] chunk 123/143 done | train=2520 test=20
2026-03-08 21:45:18,843 | INFO | [French Top 14] chunk 124/143 done | train=2540 test=20
2026-03-08 21:45:26,252 | INFO | [French Top 14] chunk 125/143 done | train=2560 test=20
2026-03-08 21:45:33,848 | INFO | [French Top 14] chunk 126/143 done | train=2580 test=20
2026-03-08 21:45:41,537 | INFO | [French Top 14] chunk 127/143 done | train=2600 test=20
2026-03-08 21:45:49,490 | INFO | [French Top 14] chunk 128/143 done | train=2620 test=20
2026-03-08 21:45:57,368 | INFO | [French Top 14] chunk 129/143 done | train=2640 test=20
2026-03-08 21:46:05,057 | INFO | [French Top 14] chunk 130/143 done | train=2660 test=20
2026-03-08 21:46:12,660 | INFO | [French Top 14] chunk 131/143 done | train=2680 test=20
2026-03-08 21:46:20,684 | INFO | [French Top 14] chunk 132/143 done | train=2700 test=20
2026-03-08 21:46:28,701 | INFO | [French Top 14] chunk 133/143 done | train=2720 test=20
2026-03-08 21:46:36,835 | INFO | [French Top 14] chunk 134/143 done | train=2740 test=20
2026-03-08 21:46:44,908 | INFO | [French Top 14] chunk 135/143 done | train=2760 test=20
2026-03-08 21:46:53,601 | INFO | [French Top 14] chunk 136/143 done | train=2780 test=20
2026-03-08 21:47:01,776 | INFO | [French Top 14] chunk 137/143 done | train=2800 test=20
2026-03-08 21:47:10,116 | INFO | [French Top 14] chunk 138/143 done | train=2820 test=20
2026-03-08 21:47:18,330 | INFO | [French Top 14] chunk 139/143 done | train=2840 test=20
2026-03-08 21:47:26,997 | INFO | [French Top 14] chunk 140/143 done | train=2860 test=20
2026-03-08 21:47:35,415 | INFO | [French Top 14] chunk 141/143 done | train=2880 test=20
2026-03-08 21:47:43,880 | INFO | [French Top 14] chunk 142/143 done | train=2900 test=20
2026-03-08 21:47:52,936 | INFO | [French Top 14] chunk 143/143 done | train=2920 test=2
2026-03-08 21:48:01,597 | INFO | [French Top 14] win_acc=0.803 mae=7.145 brier=0.1471 ece=0.1746 alpha_test_avg=0.536 low_conf_rate=0.439
2026-03-08 21:48:01,599 | INFO | [English Premiership Rugby] walk-forward start: rows=2050, chunks=99, step=20
2026-03-08 21:48:01,972 | INFO | [English Premiership Rugby] chunk 1/99 done | train=80 test=20
2026-03-08 21:48:02,388 | INFO | [English Premiership Rugby] chunk 2/99 done | train=100 test=20
2026-03-08 21:48:02,832 | INFO | [English Premiership Rugby] chunk 3/99 done | train=120 test=20
2026-03-08 21:48:03,528 | INFO | [English Premiership Rugby] chunk 4/99 done | train=140 test=20
2026-03-08 21:48:04,232 | INFO | [English Premiership Rugby] chunk 5/99 done | train=160 test=20
2026-03-08 21:48:04,959 | INFO | [English Premiership Rugby] chunk 6/99 done | train=180 test=20
2026-03-08 21:48:05,742 | INFO | [English Premiership Rugby] chunk 7/99 done | train=200 test=20
2026-03-08 21:48:06,520 | INFO | [English Premiership Rugby] chunk 8/99 done | train=220 test=20
2026-03-08 21:48:07,352 | INFO | [English Premiership Rugby] chunk 9/99 done | train=240 test=20
2026-03-08 21:48:08,457 | INFO | [English Premiership Rugby] chunk 10/99 done | train=260 test=20
2026-03-08 21:48:09,589 | INFO | [English Premiership Rugby] chunk 11/99 done | train=280 test=20
2026-03-08 21:48:10,759 | INFO | [English Premiership Rugby] chunk 12/99 done | train=300 test=20
2026-03-08 21:48:11,909 | INFO | [English Premiership Rugby] chunk 13/99 done | train=320 test=20
2026-03-08 21:48:13,104 | INFO | [English Premiership Rugby] chunk 14/99 done | train=340 test=20
2026-03-08 21:48:14,355 | INFO | [English Premiership Rugby] chunk 15/99 done | train=360 test=20
2026-03-08 21:48:15,621 | INFO | [English Premiership Rugby] chunk 16/99 done | train=380 test=20
2026-03-08 21:48:17,117 | INFO | [English Premiership Rugby] chunk 17/99 done | train=400 test=20
2026-03-08 21:48:18,666 | INFO | [English Premiership Rugby] chunk 18/99 done | train=420 test=20
2026-03-08 21:48:20,250 | INFO | [English Premiership Rugby] chunk 19/99 done | train=440 test=20
2026-03-08 21:48:21,836 | INFO | [English Premiership Rugby] chunk 20/99 done | train=460 test=20
2026-03-08 21:48:23,442 | INFO | [English Premiership Rugby] chunk 21/99 done | train=480 test=20
2026-03-08 21:48:25,062 | INFO | [English Premiership Rugby] chunk 22/99 done | train=500 test=20
2026-03-08 21:48:26,940 | INFO | [English Premiership Rugby] chunk 23/99 done | train=520 test=20
2026-03-08 21:48:28,825 | INFO | [English Premiership Rugby] chunk 24/99 done | train=540 test=20
2026-03-08 21:48:30,689 | INFO | [English Premiership Rugby] chunk 25/99 done | train=560 test=20
2026-03-08 21:48:32,639 | INFO | [English Premiership Rugby] chunk 26/99 done | train=580 test=20
2026-03-08 21:48:34,594 | INFO | [English Premiership Rugby] chunk 27/99 done | train=600 test=20
2026-03-08 21:48:36,558 | INFO | [English Premiership Rugby] chunk 28/99 done | train=620 test=20
2026-03-08 21:48:38,592 | INFO | [English Premiership Rugby] chunk 29/99 done | train=640 test=20
2026-03-08 21:48:40,903 | INFO | [English Premiership Rugby] chunk 30/99 done | train=660 test=20
2026-03-08 21:48:43,158 | INFO | [English Premiership Rugby] chunk 31/99 done | train=680 test=20
2026-03-08 21:48:45,443 | INFO | [English Premiership Rugby] chunk 32/99 done | train=700 test=20
2026-03-08 21:48:47,867 | INFO | [English Premiership Rugby] chunk 33/99 done | train=720 test=20
2026-03-08 21:48:50,639 | INFO | [English Premiership Rugby] chunk 34/99 done | train=740 test=20
2026-03-08 21:48:53,163 | INFO | [English Premiership Rugby] chunk 35/99 done | train=760 test=20
2026-03-08 21:48:55,916 | INFO | [English Premiership Rugby] chunk 36/99 done | train=780 test=20
2026-03-08 21:48:58,575 | INFO | [English Premiership Rugby] chunk 37/99 done | train=800 test=20
2026-03-08 21:49:01,236 | INFO | [English Premiership Rugby] chunk 38/99 done | train=820 test=20
2026-03-08 21:49:03,882 | INFO | [English Premiership Rugby] chunk 39/99 done | train=840 test=20
2026-03-08 21:49:06,560 | INFO | [English Premiership Rugby] chunk 40/99 done | train=860 test=20
2026-03-08 21:49:09,283 | INFO | [English Premiership Rugby] chunk 41/99 done | train=880 test=20
2026-03-08 21:49:12,234 | INFO | [English Premiership Rugby] chunk 42/99 done | train=900 test=20
2026-03-08 21:49:15,346 | INFO | [English Premiership Rugby] chunk 43/99 done | train=920 test=20
2026-03-08 21:49:18,387 | INFO | [English Premiership Rugby] chunk 44/99 done | train=940 test=20
2026-03-08 21:49:21,520 | INFO | [English Premiership Rugby] chunk 45/99 done | train=960 test=20
2026-03-08 21:49:24,629 | INFO | [English Premiership Rugby] chunk 46/99 done | train=980 test=20
2026-03-08 21:49:27,740 | INFO | [English Premiership Rugby] chunk 47/99 done | train=1000 test=20
2026-03-08 21:49:30,905 | INFO | [English Premiership Rugby] chunk 48/99 done | train=1020 test=20
2026-03-08 21:49:34,344 | INFO | [English Premiership Rugby] chunk 49/99 done | train=1040 test=20
2026-03-08 21:49:37,781 | INFO | [English Premiership Rugby] chunk 50/99 done | train=1060 test=20
2026-03-08 21:49:41,219 | INFO | [English Premiership Rugby] chunk 51/99 done | train=1080 test=20
2026-03-08 21:49:44,680 | INFO | [English Premiership Rugby] chunk 52/99 done | train=1100 test=20
2026-03-08 21:49:48,246 | INFO | [English Premiership Rugby] chunk 53/99 done | train=1120 test=20
2026-03-08 21:49:52,254 | INFO | [English Premiership Rugby] chunk 54/99 done | train=1140 test=20
2026-03-08 21:49:55,959 | INFO | [English Premiership Rugby] chunk 55/99 done | train=1160 test=20
2026-03-08 21:49:59,685 | INFO | [English Premiership Rugby] chunk 56/99 done | train=1180 test=20
2026-03-08 21:50:03,590 | INFO | [English Premiership Rugby] chunk 57/99 done | train=1200 test=20
2026-03-08 21:50:07,310 | INFO | [English Premiership Rugby] chunk 58/99 done | train=1220 test=20
2026-03-08 21:50:11,153 | INFO | [English Premiership Rugby] chunk 59/99 done | train=1240 test=20
2026-03-08 21:50:15,039 | INFO | [English Premiership Rugby] chunk 60/99 done | train=1260 test=20
2026-03-08 21:50:18,853 | INFO | [English Premiership Rugby] chunk 61/99 done | train=1280 test=20
2026-03-08 21:50:22,982 | INFO | [English Premiership Rugby] chunk 62/99 done | train=1300 test=20
2026-03-08 21:50:27,133 | INFO | [English Premiership Rugby] chunk 63/99 done | train=1320 test=20
2026-03-08 21:50:31,248 | INFO | [English Premiership Rugby] chunk 64/99 done | train=1340 test=20
2026-03-08 21:50:35,388 | INFO | [English Premiership Rugby] chunk 65/99 done | train=1360 test=20
2026-03-08 21:50:39,661 | INFO | [English Premiership Rugby] chunk 66/99 done | train=1380 test=20
2026-03-08 21:50:43,911 | INFO | [English Premiership Rugby] chunk 67/99 done | train=1400 test=20
2026-03-08 21:50:48,565 | INFO | [English Premiership Rugby] chunk 68/99 done | train=1420 test=20
2026-03-08 21:50:53,421 | INFO | [English Premiership Rugby] chunk 69/99 done | train=1440 test=20
2026-03-08 21:50:57,916 | INFO | [English Premiership Rugby] chunk 70/99 done | train=1460 test=20
2026-03-08 21:51:02,411 | INFO | [English Premiership Rugby] chunk 71/99 done | train=1480 test=20
2026-03-08 21:51:06,948 | INFO | [English Premiership Rugby] chunk 72/99 done | train=1500 test=20
2026-03-08 21:51:11,623 | INFO | [English Premiership Rugby] chunk 73/99 done | train=1520 test=20
2026-03-08 21:51:16,537 | INFO | [English Premiership Rugby] chunk 74/99 done | train=1540 test=20
2026-03-08 21:51:21,420 | INFO | [English Premiership Rugby] chunk 75/99 done | train=1560 test=20
2026-03-08 21:51:26,284 | INFO | [English Premiership Rugby] chunk 76/99 done | train=1580 test=20
2026-03-08 21:51:31,240 | INFO | [English Premiership Rugby] chunk 77/99 done | train=1600 test=20
2026-03-08 21:51:36,138 | INFO | [English Premiership Rugby] chunk 78/99 done | train=1620 test=20
2026-03-08 21:51:41,036 | INFO | [English Premiership Rugby] chunk 79/99 done | train=1640 test=20
2026-03-08 21:51:46,093 | INFO | [English Premiership Rugby] chunk 80/99 done | train=1660 test=20
2026-03-08 21:51:51,846 | INFO | [English Premiership Rugby] chunk 81/99 done | train=1680 test=20
2026-03-08 21:51:57,086 | INFO | [English Premiership Rugby] chunk 82/99 done | train=1700 test=20
2026-03-08 21:52:02,278 | INFO | [English Premiership Rugby] chunk 83/99 done | train=1720 test=20
2026-03-08 21:52:07,525 | INFO | [English Premiership Rugby] chunk 84/99 done | train=1740 test=20
2026-03-08 21:52:12,795 | INFO | [English Premiership Rugby] chunk 85/99 done | train=1760 test=20
2026-03-08 21:52:18,026 | INFO | [English Premiership Rugby] chunk 86/99 done | train=1780 test=20
2026-03-08 21:52:23,675 | INFO | [English Premiership Rugby] chunk 87/99 done | train=1800 test=20
2026-03-08 21:52:29,819 | INFO | [English Premiership Rugby] chunk 88/99 done | train=1820 test=20
2026-03-08 21:52:35,406 | INFO | [English Premiership Rugby] chunk 89/99 done | train=1840 test=20
2026-03-08 21:52:40,982 | INFO | [English Premiership Rugby] chunk 90/99 done | train=1860 test=20
2026-03-08 21:52:46,486 | INFO | [English Premiership Rugby] chunk 91/99 done | train=1880 test=20
2026-03-08 21:52:52,624 | INFO | [English Premiership Rugby] chunk 92/99 done | train=1900 test=20
2026-03-08 21:52:58,205 | INFO | [English Premiership Rugby] chunk 93/99 done | train=1920 test=20
2026-03-08 21:53:03,985 | INFO | [English Premiership Rugby] chunk 94/99 done | train=1940 test=20
2026-03-08 21:53:09,840 | INFO | [English Premiership Rugby] chunk 95/99 done | train=1960 test=20
2026-03-08 21:53:15,930 | INFO | [English Premiership Rugby] chunk 96/99 done | train=1980 test=20
2026-03-08 21:53:21,813 | INFO | [English Premiership Rugby] chunk 97/99 done | train=2000 test=20
2026-03-08 21:53:27,803 | INFO | [English Premiership Rugby] chunk 98/99 done | train=2020 test=20
2026-03-08 21:53:33,778 | INFO | [English Premiership Rugby] chunk 99/99 done | train=2040 test=10
2026-03-08 21:53:39,768 | INFO | [English Premiership Rugby] win_acc=0.785 mae=7.518 brier=0.1594 ece=0.1903 alpha_test_avg=0.531 low_conf_rate=0.481
2026-03-08 21:53:39,770 | INFO | [Six Nations Championship] walk-forward start: rows=249, chunks=9, step=20
2026-03-08 21:53:40,139 | INFO | [Six Nations Championship] chunk 1/9 done | train=80 test=20
2026-03-08 21:53:40,515 | INFO | [Six Nations Championship] chunk 2/9 done | train=100 test=20
2026-03-08 21:53:40,916 | INFO | [Six Nations Championship] chunk 3/9 done | train=120 test=20
2026-03-08 21:53:41,599 | INFO | [Six Nations Championship] chunk 4/9 done | train=140 test=20
2026-03-08 21:53:42,343 | INFO | [Six Nations Championship] chunk 5/9 done | train=160 test=20
2026-03-08 21:53:43,077 | INFO | [Six Nations Championship] chunk 6/9 done | train=180 test=20
2026-03-08 21:53:43,851 | INFO | [Six Nations Championship] chunk 7/9 done | train=200 test=20
2026-03-08 21:53:44,643 | INFO | [Six Nations Championship] chunk 8/9 done | train=220 test=20
2026-03-08 21:53:45,468 | INFO | [Six Nations Championship] chunk 9/9 done | train=240 test=9
2026-03-08 21:53:46,315 | INFO | [Six Nations Championship] win_acc=0.746 mae=7.853 brier=0.1713 ece=0.1953 alpha_test_avg=0.534 low_conf_rate=0.598
2026-03-08 21:53:46,319 | INFO | [Rugby Union International Friendlies] walk-forward start: rows=769, chunks=35, step=20
2026-03-08 21:53:46,684 | INFO | [Rugby Union International Friendlies] chunk 1/35 done | train=80 test=20
2026-03-08 21:53:47,117 | INFO | [Rugby Union International Friendlies] chunk 2/35 done | train=100 test=20
2026-03-08 21:53:47,573 | INFO | [Rugby Union International Friendlies] chunk 3/35 done | train=120 test=20
2026-03-08 21:53:48,427 | INFO | [Rugby Union International Friendlies] chunk 4/35 done | train=140 test=20
2026-03-08 21:53:49,275 | INFO | [Rugby Union International Friendlies] chunk 5/35 done | train=160 test=20
2026-03-08 21:53:50,175 | INFO | [Rugby Union International Friendlies] chunk 6/35 done | train=180 test=20
2026-03-08 21:53:51,038 | INFO | [Rugby Union International Friendlies] chunk 7/35 done | train=200 test=20
2026-03-08 21:53:51,831 | INFO | [Rugby Union International Friendlies] chunk 8/35 done | train=220 test=20
2026-03-08 21:53:52,633 | INFO | [Rugby Union International Friendlies] chunk 9/35 done | train=240 test=20
2026-03-08 21:53:53,676 | INFO | [Rugby Union International Friendlies] chunk 10/35 done | train=260 test=20
2026-03-08 21:53:54,766 | INFO | [Rugby Union International Friendlies] chunk 11/35 done | train=280 test=20
2026-03-08 21:53:55,929 | INFO | [Rugby Union International Friendlies] chunk 12/35 done | train=300 test=20
2026-03-08 21:53:57,072 | INFO | [Rugby Union International Friendlies] chunk 13/35 done | train=320 test=20
2026-03-08 21:53:58,282 | INFO | [Rugby Union International Friendlies] chunk 14/35 done | train=340 test=20
2026-03-08 21:53:59,457 | INFO | [Rugby Union International Friendlies] chunk 15/35 done | train=360 test=20
2026-03-08 21:54:00,764 | INFO | [Rugby Union International Friendlies] chunk 16/35 done | train=380 test=20
2026-03-08 21:54:02,424 | INFO | [Rugby Union International Friendlies] chunk 17/35 done | train=400 test=20
2026-03-08 21:54:03,975 | INFO | [Rugby Union International Friendlies] chunk 18/35 done | train=420 test=20
2026-03-08 21:54:05,516 | INFO | [Rugby Union International Friendlies] chunk 19/35 done | train=440 test=20
2026-03-08 21:54:07,109 | INFO | [Rugby Union International Friendlies] chunk 20/35 done | train=460 test=20
2026-03-08 21:54:08,791 | INFO | [Rugby Union International Friendlies] chunk 21/35 done | train=480 test=20
2026-03-08 21:54:10,408 | INFO | [Rugby Union International Friendlies] chunk 22/35 done | train=500 test=20
2026-03-08 21:54:12,272 | INFO | [Rugby Union International Friendlies] chunk 23/35 done | train=520 test=20
2026-03-08 21:54:14,211 | INFO | [Rugby Union International Friendlies] chunk 24/35 done | train=540 test=20
2026-03-08 21:54:16,092 | INFO | [Rugby Union International Friendlies] chunk 25/35 done | train=560 test=20
2026-03-08 21:54:18,076 | INFO | [Rugby Union International Friendlies] chunk 26/35 done | train=580 test=20
2026-03-08 21:54:20,125 | INFO | [Rugby Union International Friendlies] chunk 27/35 done | train=600 test=20
2026-03-08 21:54:22,151 | INFO | [Rugby Union International Friendlies] chunk 28/35 done | train=620 test=20
2026-03-08 21:54:24,221 | INFO | [Rugby Union International Friendlies] chunk 29/35 done | train=640 test=20
2026-03-08 21:54:26,510 | INFO | [Rugby Union International Friendlies] chunk 30/35 done | train=660 test=20
2026-03-08 21:54:28,768 | INFO | [Rugby Union International Friendlies] chunk 31/35 done | train=680 test=20
2026-03-08 21:54:31,182 | INFO | [Rugby Union International Friendlies] chunk 32/35 done | train=700 test=20
2026-03-08 21:54:33,682 | INFO | [Rugby Union International Friendlies] chunk 33/35 done | train=720 test=20
2026-03-08 21:54:36,032 | INFO | [Rugby Union International Friendlies] chunk 34/35 done | train=740 test=20
2026-03-08 21:54:38,371 | INFO | [Rugby Union International Friendlies] chunk 35/35 done | train=760 test=9
2026-03-08 21:54:40,753 | INFO | [Rugby Union International Friendlies] win_acc=0.795 mae=8.381 brier=0.1532 ece=0.1818 alpha_test_avg=0.546 low_conf_rate=0.479
2026-03-08 21:54:40,753 | INFO | === MAZ MAXED V4 Summary ===
2026-03-08 21:54:40,753 | INFO | {
  "tested": 9,
  "skipped": 0
}
2026-03-08 21:54:40,754 | INFO | === MAZ MAXED V4 Final League Recap ===
2026-03-08 21:54:40,754 | INFO | [Rugby Championship] status=tested | win_acc=0.724 mae=8.361
2026-03-08 21:54:40,754 | INFO | [United Rugby Championship] status=tested | win_acc=0.798 mae=7.200
2026-03-08 21:54:40,754 | INFO | [Currie Cup] status=tested | win_acc=0.723 mae=8.827
2026-03-08 21:54:40,754 | INFO | [Rugby World Cup] status=tested | win_acc=0.785 mae=9.407
2026-03-08 21:54:40,754 | INFO | [Super Rugby] status=tested | win_acc=0.782 mae=7.757
2026-03-08 21:54:40,755 | INFO | [French Top 14] status=tested | win_acc=0.803 mae=7.145
2026-03-08 21:54:40,755 | INFO | [English Premiership Rugby] status=tested | win_acc=0.785 mae=7.518
2026-03-08 21:54:40,755 | INFO | [Six Nations Championship] status=tested | win_acc=0.746 mae=7.853
2026-03-08 21:54:40,755 | INFO | [Rugby Union International Friendlies] status=tested | win_acc=0.795 mae=8.381
2026-03-08 21:54:40,757 | INFO | Report saved: artifacts\maz_maxed_v4_walk_forward_eval_20260308_215440.json
2026-03-08 21:54:40,758 | INFO | Updated latest eval metrics: artifacts\maz_maxed_v4_metrics_latest.json
