2026-03-03 19:36:10,946 | INFO | Starting MAZ MAXED V4 run
2026-03-03 19:36:10,947 | INFO | Logging to: artifacts/maz_maxed_v4_run_20260303_193610.log
2026-03-03 19:36:11,149 | INFO | [V4] Global pretraining start: rows=2078 teams=143 epochs=20 seeds=3
2026-03-03 19:36:17,759 | INFO | [V4] Global pretraining done for seed=42
2026-03-03 19:36:23,436 | INFO | [V4] Global pretraining done for seed=1337
2026-03-03 19:36:30,457 | INFO | [V4] Global pretraining done for seed=9001
2026-03-03 19:36:30,460 | INFO | [Rugby Championship] walk-forward start: rows=144, chunks=4, step=20
2026-03-03 19:36:31,083 | INFO | [Rugby Championship] chunk 1/4 done | train=80 test=20
2026-03-03 19:36:31,729 | INFO | [Rugby Championship] chunk 2/4 done | train=100 test=20
2026-03-03 19:36:32,441 | INFO | [Rugby Championship] chunk 3/4 done | train=120 test=20
2026-03-03 19:36:33,413 | INFO | [Rugby Championship] chunk 4/4 done | train=140 test=4
2026-03-03 19:36:34,401 | INFO | [Rugby Championship] win_acc=0.641 mae=8.664 brier=0.2490 ece=0.2361 alpha_test_avg=0.536 low_conf_rate=0.000
2026-03-03 19:36:34,403 | INFO | [United Rugby Championship] walk-forward start: rows=391, chunks=16, step=20
2026-03-03 19:36:34,997 | INFO | [United Rugby Championship] chunk 1/16 done | train=80 test=20
2026-03-03 19:36:35,747 | INFO | [United Rugby Championship] chunk 2/16 done | train=100 test=20
2026-03-03 19:36:36,416 | INFO | [United Rugby Championship] chunk 3/16 done | train=120 test=20
2026-03-03 19:36:37,464 | INFO | [United Rugby Championship] chunk 4/16 done | train=140 test=20
2026-03-03 19:36:38,512 | INFO | [United Rugby Championship] chunk 5/16 done | train=160 test=20
2026-03-03 19:36:39,599 | INFO | [United Rugby Championship] chunk 6/16 done | train=180 test=20
2026-03-03 19:36:40,736 | INFO | [United Rugby Championship] chunk 7/16 done | train=200 test=20
2026-03-03 19:36:41,841 | INFO | [United Rugby Championship] chunk 8/16 done | train=220 test=20
2026-03-03 19:36:42,991 | INFO | [United Rugby Championship] chunk 9/16 done | train=240 test=20
2026-03-03 19:36:44,467 | INFO | [United Rugby Championship] chunk 10/16 done | train=260 test=20
2026-03-03 19:36:46,422 | INFO | [United Rugby Championship] chunk 11/16 done | train=280 test=20
2026-03-03 19:36:48,435 | INFO | [United Rugby Championship] chunk 12/16 done | train=300 test=20
2026-03-03 19:36:50,146 | INFO | [United Rugby Championship] chunk 13/16 done | train=320 test=20
2026-03-03 19:36:51,831 | INFO | [United Rugby Championship] chunk 14/16 done | train=340 test=20
2026-03-03 19:36:53,507 | INFO | [United Rugby Championship] chunk 15/16 done | train=360 test=20
2026-03-03 19:36:55,213 | INFO | [United Rugby Championship] chunk 16/16 done | train=380 test=11
2026-03-03 19:36:57,017 | INFO | [United Rugby Championship] win_acc=0.781 mae=7.538 brier=0.1408 ece=0.1609 alpha_test_avg=0.503 low_conf_rate=0.000
2026-03-03 19:36:57,020 | INFO | [Currie Cup] walk-forward start: rows=345, chunks=14, step=20
2026-03-03 19:36:57,627 | INFO | [Currie Cup] chunk 1/14 done | train=80 test=20
2026-03-03 19:36:58,311 | INFO | [Currie Cup] chunk 2/14 done | train=100 test=20
2026-03-03 19:36:59,053 | INFO | [Currie Cup] chunk 3/14 done | train=120 test=20
2026-03-03 19:37:00,165 | INFO | [Currie Cup] chunk 4/14 done | train=140 test=20
2026-03-03 19:37:01,310 | INFO | [Currie Cup] chunk 5/14 done | train=160 test=20
2026-03-03 19:37:02,371 | INFO | [Currie Cup] chunk 6/14 done | train=180 test=20
2026-03-03 19:37:03,418 | INFO | [Currie Cup] chunk 7/14 done | train=200 test=20
2026-03-03 19:37:04,544 | INFO | [Currie Cup] chunk 8/14 done | train=220 test=20
2026-03-03 19:37:05,725 | INFO | [Currie Cup] chunk 9/14 done | train=240 test=20
2026-03-03 19:37:07,207 | INFO | [Currie Cup] chunk 10/14 done | train=260 test=20
2026-03-03 19:37:08,737 | INFO | [Currie Cup] chunk 11/14 done | train=280 test=20
2026-03-03 19:37:10,308 | INFO | [Currie Cup] chunk 12/14 done | train=300 test=20
2026-03-03 19:37:11,931 | INFO | [Currie Cup] chunk 13/14 done | train=320 test=20
2026-03-03 19:37:13,602 | INFO | [Currie Cup] chunk 14/14 done | train=340 test=5
2026-03-03 19:37:15,349 | INFO | [Currie Cup] win_acc=0.725 mae=9.455 brier=0.2099 ece=0.2295 alpha_test_avg=0.509 low_conf_rate=0.000
2026-03-03 19:37:15,352 | INFO | [Rugby World Cup] walk-forward start: rows=152, chunks=4, step=20
2026-03-03 19:37:15,987 | INFO | [Rugby World Cup] chunk 1/4 done | train=80 test=20
2026-03-03 19:37:16,698 | INFO | [Rugby World Cup] chunk 2/4 done | train=100 test=20
2026-03-03 19:37:17,411 | INFO | [Rugby World Cup] chunk 3/4 done | train=120 test=20
2026-03-03 19:37:18,423 | INFO | [Rugby World Cup] chunk 4/4 done | train=140 test=12
2026-03-03 19:37:19,414 | INFO | [Rugby World Cup] win_acc=0.847 mae=9.954 brier=0.1557 ece=0.1627 alpha_test_avg=0.504 low_conf_rate=0.000
2026-03-03 19:37:19,416 | INFO | [Super Rugby] walk-forward start: rows=274, chunks=10, step=20
2026-03-03 19:37:19,978 | INFO | [Super Rugby] chunk 1/10 done | train=80 test=20
2026-03-03 19:37:20,597 | INFO | [Super Rugby] chunk 2/10 done | train=100 test=20
2026-03-03 19:37:21,266 | INFO | [Super Rugby] chunk 3/10 done | train=120 test=20
2026-03-03 19:37:22,479 | INFO | [Super Rugby] chunk 4/10 done | train=140 test=20
2026-03-03 19:37:23,560 | INFO | [Super Rugby] chunk 5/10 done | train=160 test=20
2026-03-03 19:37:24,638 | INFO | [Super Rugby] chunk 6/10 done | train=180 test=20
2026-03-03 19:37:25,708 | INFO | [Super Rugby] chunk 7/10 done | train=200 test=20
2026-03-03 19:37:26,911 | INFO | [Super Rugby] chunk 8/10 done | train=220 test=20
2026-03-03 19:37:28,036 | INFO | [Super Rugby] chunk 9/10 done | train=240 test=20
2026-03-03 19:37:29,496 | INFO | [Super Rugby] chunk 10/10 done | train=260 test=14
2026-03-03 19:37:31,004 | INFO | [Super Rugby] win_acc=0.763 mae=7.965 brier=0.1882 ece=0.1861 alpha_test_avg=0.503 low_conf_rate=0.000
2026-03-03 19:37:31,007 | INFO | [French Top 14] walk-forward start: rows=715, chunks=32, step=20
2026-03-03 19:37:31,624 | INFO | [French Top 14] chunk 1/32 done | train=80 test=20
2026-03-03 19:37:32,272 | INFO | [French Top 14] chunk 2/32 done | train=100 test=20
2026-03-03 19:37:33,038 | INFO | [French Top 14] chunk 3/32 done | train=120 test=20
2026-03-03 19:37:34,022 | INFO | [French Top 14] chunk 4/32 done | train=140 test=20
2026-03-03 19:37:35,054 | INFO | [French Top 14] chunk 5/32 done | train=160 test=20
2026-03-03 19:37:36,104 | INFO | [French Top 14] chunk 6/32 done | train=180 test=20
2026-03-03 19:37:37,240 | INFO | [French Top 14] chunk 7/32 done | train=200 test=20
2026-03-03 19:37:38,406 | INFO | [French Top 14] chunk 8/32 done | train=220 test=20
2026-03-03 19:37:39,531 | INFO | [French Top 14] chunk 9/32 done | train=240 test=20
2026-03-03 19:37:40,981 | INFO | [French Top 14] chunk 10/32 done | train=260 test=20
2026-03-03 19:37:42,509 | INFO | [French Top 14] chunk 11/32 done | train=280 test=20
2026-03-03 19:37:44,091 | INFO | [French Top 14] chunk 12/32 done | train=300 test=20
2026-03-03 19:37:46,072 | INFO | [French Top 14] chunk 13/32 done | train=320 test=20
2026-03-03 19:37:48,225 | INFO | [French Top 14] chunk 14/32 done | train=340 test=20
2026-03-03 19:37:50,071 | INFO | [French Top 14] chunk 15/32 done | train=360 test=20
2026-03-03 19:37:51,811 | INFO | [French Top 14] chunk 16/32 done | train=380 test=20
2026-03-03 19:37:53,888 | INFO | [French Top 14] chunk 17/32 done | train=400 test=20
2026-03-03 19:37:56,039 | INFO | [French Top 14] chunk 18/32 done | train=420 test=20
2026-03-03 19:37:58,194 | INFO | [French Top 14] chunk 19/32 done | train=440 test=20
2026-03-03 19:38:00,436 | INFO | [French Top 14] chunk 20/32 done | train=460 test=20
2026-03-03 19:38:02,715 | INFO | [French Top 14] chunk 21/32 done | train=480 test=20
2026-03-03 19:38:04,952 | INFO | [French Top 14] chunk 22/32 done | train=500 test=20
2026-03-03 19:38:07,596 | INFO | [French Top 14] chunk 23/32 done | train=520 test=20
2026-03-03 19:38:10,272 | INFO | [French Top 14] chunk 24/32 done | train=540 test=20
2026-03-03 19:38:12,971 | INFO | [French Top 14] chunk 25/32 done | train=560 test=20
2026-03-03 19:38:15,759 | INFO | [French Top 14] chunk 26/32 done | train=580 test=20
2026-03-03 19:38:18,500 | INFO | [French Top 14] chunk 27/32 done | train=600 test=20
2026-03-03 19:38:21,283 | INFO | [French Top 14] chunk 28/32 done | train=620 test=20
2026-03-03 19:38:24,113 | INFO | [French Top 14] chunk 29/32 done | train=640 test=20
2026-03-03 19:38:27,417 | INFO | [French Top 14] chunk 30/32 done | train=660 test=20
2026-03-03 19:38:30,596 | INFO | [French Top 14] chunk 31/32 done | train=680 test=20
2026-03-03 19:38:33,853 | INFO | [French Top 14] chunk 32/32 done | train=700 test=15
2026-03-03 19:38:37,580 | INFO | [French Top 14] win_acc=0.797 mae=7.224 brier=0.1521 ece=0.1675 alpha_test_avg=0.502 low_conf_rate=0.000
2026-03-03 19:38:37,583 | INFO | [English Premiership Rugby] walk-forward start: rows=228, chunks=8, step=20
2026-03-03 19:38:38,249 | INFO | [English Premiership Rugby] chunk 1/8 done | train=80 test=20
2026-03-03 19:38:38,841 | INFO | [English Premiership Rugby] chunk 2/8 done | train=100 test=20
2026-03-03 19:38:39,494 | INFO | [English Premiership Rugby] chunk 3/8 done | train=120 test=20
2026-03-03 19:38:40,472 | INFO | [English Premiership Rugby] chunk 4/8 done | train=140 test=20
2026-03-03 19:38:41,471 | INFO | [English Premiership Rugby] chunk 5/8 done | train=160 test=20
2026-03-03 19:38:42,655 | INFO | [English Premiership Rugby] chunk 6/8 done | train=180 test=20
2026-03-03 19:38:43,766 | INFO | [English Premiership Rugby] chunk 7/8 done | train=200 test=20
2026-03-03 19:38:45,018 | INFO | [English Premiership Rugby] chunk 8/8 done | train=220 test=8
2026-03-03 19:38:46,470 | INFO | [English Premiership Rugby] win_acc=0.764 mae=7.878 brier=0.1943 ece=0.2131 alpha_test_avg=0.507 low_conf_rate=0.000
2026-03-03 19:38:46,472 | INFO | [Six Nations Championship] walk-forward start: rows=249, chunks=9, step=20
2026-03-03 19:38:47,244 | INFO | [Six Nations Championship] chunk 1/9 done | train=80 test=20
2026-03-03 19:38:48,129 | INFO | [Six Nations Championship] chunk 2/9 done | train=100 test=20
2026-03-03 19:38:48,905 | INFO | [Six Nations Championship] chunk 3/9 done | train=120 test=20
2026-03-03 19:38:50,010 | INFO | [Six Nations Championship] chunk 4/9 done | train=140 test=20
2026-03-03 19:38:51,017 | INFO | [Six Nations Championship] chunk 5/9 done | train=160 test=20
2026-03-03 19:38:52,171 | INFO | [Six Nations Championship] chunk 6/9 done | train=180 test=20
2026-03-03 19:38:53,263 | INFO | [Six Nations Championship] chunk 7/9 done | train=200 test=20
2026-03-03 19:38:54,405 | INFO | [Six Nations Championship] chunk 8/9 done | train=220 test=20
2026-03-03 19:38:55,522 | INFO | [Six Nations Championship] chunk 9/9 done | train=240 test=9
2026-03-03 19:38:56,797 | INFO | [Six Nations Championship] win_acc=0.716 mae=7.744 brier=0.1926 ece=0.1813 alpha_test_avg=0.517 low_conf_rate=0.000
2026-03-03 19:38:56,799 | INFO | [Rugby Union International Friendlies] walk-forward start: rows=100, chunks=1, step=20
2026-03-03 19:38:57,347 | INFO | [Rugby Union International Friendlies] chunk 1/1 done | train=80 test=20
2026-03-03 19:38:57,920 | INFO | [Rugby Union International Friendlies] win_acc=0.500 mae=12.151 brier=0.3179 ece=0.3767 alpha_test_avg=0.526 low_conf_rate=0.000
2026-03-03 19:38:57,920 | INFO | === MAZ MAXED V4 Summary ===
2026-03-03 19:38:57,920 | INFO | {
  "tested": 9,
  "skipped": 0
}
2026-03-03 19:38:57,921 | INFO | === MAZ MAXED V4 Final League Recap ===
2026-03-03 19:38:57,921 | INFO | [Rugby Championship] status=tested | win_acc=0.641 mae=8.664
2026-03-03 19:38:57,921 | INFO | [United Rugby Championship] status=tested | win_acc=0.781 mae=7.538
2026-03-03 19:38:57,921 | INFO | [Currie Cup] status=tested | win_acc=0.725 mae=9.455
2026-03-03 19:38:57,922 | INFO | [Rugby World Cup] status=tested | win_acc=0.847 mae=9.954
2026-03-03 19:38:57,922 | INFO | [Super Rugby] status=tested | win_acc=0.763 mae=7.965
2026-03-03 19:38:57,922 | INFO | [French Top 14] status=tested | win_acc=0.797 mae=7.224
2026-03-03 19:38:57,922 | INFO | [English Premiership Rugby] status=tested | win_acc=0.764 mae=7.878
2026-03-03 19:38:57,922 | INFO | [Six Nations Championship] status=tested | win_acc=0.716 mae=7.744
2026-03-03 19:38:57,923 | INFO | [Rugby Union International Friendlies] status=tested | win_acc=0.500 mae=12.151
2026-03-03 19:38:57,924 | INFO | Report saved: artifacts\maz_maxed_v4_walk_forward_eval_20260303_193857.json
2026-03-03 19:38:57,926 | INFO | Updated latest eval metrics: artifacts\maz_maxed_v4_metrics_latest.json
